Using pre-set license
Built from '2021.3/staging' branch; Version is '2021.3.16f1 (4016570cf34f) revision 4200023'; Using compiler version '192829333'; Build Type 'Release'
OS: 'Windows 10  (10.0.19045) 64bit Professional' Language: 'en' Physical Memory: 16298 MB
BatchMode: 1, IsHumanControllingUs: 0, StartBugReporterOnCrash: 0, Is64bit: 1, IsPro: 1

COMMAND LINE ARGUMENTS:
C:\Program Files\Unity\Hub\Editor\2021.3.16f1\Editor\Unity.exe
-adb2
-batchMode
-noUpm
-name
AssetImportWorker5
-projectPath
D:/UnityProjects/_Github/FlatLand/FlatLand
-logFile
Logs/AssetImportWorker5.log
-srvPort
53042
Successfully changed project path to: D:/UnityProjects/_Github/FlatLand/FlatLand
D:/UnityProjects/_Github/FlatLand/FlatLand
[UnityMemory] Configuration Parameters - Can be set up in boot.config
    "memorysetup-bucket-allocator-granularity=16"
    "memorysetup-bucket-allocator-bucket-count=8"
    "memorysetup-bucket-allocator-block-size=33554432"
    "memorysetup-bucket-allocator-block-count=8"
    "memorysetup-main-allocator-block-size=16777216"
    "memorysetup-thread-allocator-block-size=16777216"
    "memorysetup-gfx-main-allocator-block-size=16777216"
    "memorysetup-gfx-thread-allocator-block-size=16777216"
    "memorysetup-cache-allocator-block-size=4194304"
    "memorysetup-typetree-allocator-block-size=2097152"
    "memorysetup-profiler-bucket-allocator-granularity=16"
    "memorysetup-profiler-bucket-allocator-bucket-count=8"
    "memorysetup-profiler-bucket-allocator-block-size=33554432"
    "memorysetup-profiler-bucket-allocator-block-count=8"
    "memorysetup-profiler-allocator-block-size=16777216"
    "memorysetup-profiler-editor-allocator-block-size=1048576"
    "memorysetup-temp-allocator-size-main=16777216"
    "memorysetup-job-temp-allocator-block-size=2097152"
    "memorysetup-job-temp-allocator-block-size-background=1048576"
    "memorysetup-job-temp-allocator-reduction-small-platforms=262144"
    "memorysetup-temp-allocator-size-background-worker=32768"
    "memorysetup-temp-allocator-size-job-worker=262144"
    "memorysetup-temp-allocator-size-preload-manager=33554432"
    "memorysetup-temp-allocator-size-nav-mesh-worker=65536"
    "memorysetup-temp-allocator-size-audio-worker=65536"
    "memorysetup-temp-allocator-size-cloud-worker=32768"
    "memorysetup-temp-allocator-size-gi-baking-worker=262144"
    "memorysetup-temp-allocator-size-gfx=262144"
Player connection [45252] Host "[IP] 192.168.10.20 [Port] 0 [Flags] 2 [Guid] 1167930333 [EditorId] 1167930333 [Version] 1048832 [Id] WindowsEditor(7,DESKTOP-OJ5C90H) [Debug] 1 [PackageName] WindowsEditor [ProjectName] Editor" joined multi-casting on [225.0.0.222:54997]...

Player connection [45252] Host "[IP] 192.168.10.20 [Port] 0 [Flags] 2 [Guid] 1167930333 [EditorId] 1167930333 [Version] 1048832 [Id] WindowsEditor(7,DESKTOP-OJ5C90H) [Debug] 1 [PackageName] WindowsEditor [ProjectName] Editor" joined alternative multi-casting on [225.0.0.222:34997]...

Refreshing native plugins compatible for Editor in 155.56 ms, found 2 plugins.
Preloading 0 native plugins for Editor in 0.00 ms.
Initialize engine version: 2021.3.16f1 (4016570cf34f)
[Subsystems] Discovering subsystems at path C:/Program Files/Unity/Hub/Editor/2021.3.16f1/Editor/Data/Resources/UnitySubsystems
[Subsystems] Discovering subsystems at path D:/UnityProjects/_Github/FlatLand/FlatLand/Assets
GfxDevice: creating device client; threaded=0; jobified=0
Direct3D:
    Version:  Direct3D 11.0 [level 11.0]
    Renderer: NVIDIA Quadro K2000 (ID=0xffe)
    Vendor:   NVIDIA
    VRAM:     1990 MB
    Driver:   10.18.13.5330
Initialize mono
Mono path[0] = 'C:/Program Files/Unity/Hub/Editor/2021.3.16f1/Editor/Data/Managed'
Mono path[1] = 'C:/Program Files/Unity/Hub/Editor/2021.3.16f1/Editor/Data/MonoBleedingEdge/lib/mono/unityjit-win32'
Mono config path = 'C:/Program Files/Unity/Hub/Editor/2021.3.16f1/Editor/Data/MonoBleedingEdge/etc'
Using monoOptions --debugger-agent=transport=dt_socket,embedding=1,server=y,suspend=n,address=127.0.0.1:56460
Begin MonoManager ReloadAssembly
Registering precompiled unity dll's ...
Register platform support module: C:/Program Files/Unity/Hub/Editor/2021.3.16f1/Editor/Data/PlaybackEngines/WebGLSupport/UnityEditor.WebGL.Extensions.dll
Register platform support module: C:/Program Files/Unity/Hub/Editor/2021.3.16f1/Editor/Data/PlaybackEngines/AndroidPlayer/UnityEditor.Android.Extensions.dll
Register platform support module: C:/Program Files/Unity/Hub/Editor/2021.3.16f1/Editor/Data/PlaybackEngines/iOSSupport/UnityEditor.iOS.Extensions.dll
Register platform support module: C:/Program Files/Unity/Hub/Editor/2021.3.16f1/Editor/Data/PlaybackEngines/WindowsStandaloneSupport/UnityEditor.WindowsStandalone.Extensions.dll
Registered in 0.022403 seconds.
Native extension for WindowsStandalone target not found
Native extension for iOS target not found
Native extension for Android target not found
Native extension for WebGL target not found
Refreshing native plugins compatible for Editor in 135.37 ms, found 2 plugins.
Preloading 0 native plugins for Editor in 0.00 ms.
Mono: successfully reloaded assembly
- Completed reload, in  1.458 seconds
Domain Reload Profiling:
	ReloadAssembly (1459ms)
		BeginReloadAssembly (168ms)
			ExecutionOrderSort (0ms)
			DisableScriptedObjects (0ms)
			BackupInstance (0ms)
			ReleaseScriptingObjects (0ms)
			CreateAndSetChildDomain (2ms)
		EndReloadAssembly (1033ms)
			LoadAssemblies (164ms)
			RebuildTransferFunctionScriptingTraits (0ms)
			SetupTypeCache (234ms)
			ReleaseScriptCaches (0ms)
			RebuildScriptCaches (59ms)
			SetupLoadedEditorAssemblies (628ms)
				LogAssemblyErrors (0ms)
				InitializePlatformSupportModulesInManaged (142ms)
				SetLoadedEditorAssemblies (0ms)
				RefreshPlugins (136ms)
				BeforeProcessingInitializeOnLoad (3ms)
				ProcessInitializeOnLoadAttributes (235ms)
				ProcessInitializeOnLoadMethodAttributes (113ms)
				AfterProcessingInitializeOnLoad (0ms)
				EditorAssembliesLoaded (0ms)
			ExecutionOrderSort2 (0ms)
			AwakeInstancesAfterBackupRestoration (0ms)
Platform modules already initialized, skipping
Registering precompiled user dll's ...
Registered in 0.009169 seconds.
Begin MonoManager ReloadAssembly
Native extension for WindowsStandalone target not found
Native extension for iOS target not found
Native extension for Android target not found
Native extension for WebGL target not found
Refreshing native plugins compatible for Editor in 163.07 ms, found 2 plugins.
Preloading 0 native plugins for Editor in 0.00 ms.
Mono: successfully reloaded assembly
- Completed reload, in  3.372 seconds
Domain Reload Profiling:
	ReloadAssembly (3375ms)
		BeginReloadAssembly (410ms)
			ExecutionOrderSort (0ms)
			DisableScriptedObjects (22ms)
			BackupInstance (0ms)
			ReleaseScriptingObjects (0ms)
			CreateAndSetChildDomain (163ms)
		EndReloadAssembly (2661ms)
			LoadAssemblies (206ms)
			RebuildTransferFunctionScriptingTraits (0ms)
			SetupTypeCache (633ms)
			ReleaseScriptCaches (1ms)
			RebuildScriptCaches (181ms)
			SetupLoadedEditorAssemblies (1531ms)
				LogAssemblyErrors (0ms)
				InitializePlatformSupportModulesInManaged (63ms)
				SetLoadedEditorAssemblies (1ms)
				RefreshPlugins (163ms)
				BeforeProcessingInitializeOnLoad (229ms)
				ProcessInitializeOnLoadAttributes (839ms)
				ProcessInitializeOnLoadMethodAttributes (212ms)
				AfterProcessingInitializeOnLoad (22ms)
				EditorAssembliesLoaded (0ms)
			ExecutionOrderSort2 (0ms)
			AwakeInstancesAfterBackupRestoration (13ms)
Platform modules already initialized, skipping
========================================================================
Worker process is ready to serve import requests
Launched and connected shader compiler UnityShaderCompiler.exe after 0.11 seconds
Refreshing native plugins compatible for Editor in 1.63 ms, found 2 plugins.
Preloading 0 native plugins for Editor in 0.00 ms.
Unloading 3910 Unused Serialized files (Serialized files now loaded: 0)
Unloading 45 unused Assets / (0.8 MB). Loaded Objects now: 4378.
Memory consumption went from 175.8 MB to 175.0 MB.
Total: 8.202100 ms (FindLiveObjects: 0.520200 ms CreateObjectMapping: 0.315400 ms MarkObjects: 6.780300 ms  DeleteObjects: 0.584300 ms)

AssetImportParameters requested are different than current active one (requested -> active):
  custom:video-decoder-ogg-theora: a1e56fd34408186e4bbccfd4996cb3dc -> 
  custom:container-muxer-webm: aa71ff27fc2769a1b78a27578f13a17b -> 
  custom:container-demuxer-webm: 4f35f7cbe854078d1ac9338744f61a02 -> 
  custom:video-encoder-webm-vp8: eb34c28f22e8b96e1ab97ce403110664 -> 
  custom:audio-encoder-webm-vorbis: bf7c407c2cedff20999df2af8eb42d56 -> 
  custom:framework-win-MediaFoundation: 216162199b28c13a410421893ffa2e32 -> 
  custom:container-demuxer-ogg: 62fdf1f143b41e24485cea50d1cbac27 -> 
  custom:video-decoder-webm-vp8: 9c59270c3fd7afecdb556c50c9e8de78 -> 
  custom:audio-decoder-ogg-vorbis: bf7c407c2cedff20999df2af8eb42d56 -> 
========================================================================
Received Import Request.
  Time since last request: 2253622.895164 seconds.
  path: Assets/Characters/Ezio/bags_n.png
  artifactKey: Guid(b1abd28da2eee81468d0a6d0722d2775) Importer(815301076,1909f56bfc062723c751e8b465ee728b)
Start importing Assets/Characters/Ezio/bags_n.png using Guid(b1abd28da2eee81468d0a6d0722d2775) Importer(815301076,1909f56bfc062723c751e8b465ee728b)  -> (artifact id: 'e5505edd1534e60ad1f1847e262da3ff') in 0.218712 seconds 
========================================================================
Received Import Request.
  Time since last request: 0.000044 seconds.
  path: Assets/Characters/Ezio/face_d.png
  artifactKey: Guid(00291b21eb36eae458c73fcfd2364153) Importer(815301076,1909f56bfc062723c751e8b465ee728b)
Start importing Assets/Characters/Ezio/face_d.png using Guid(00291b21eb36eae458c73fcfd2364153) Importer(815301076,1909f56bfc062723c751e8b465ee728b)  -> (artifact id: '54c9d50f24b86605a685a76fdad7a3a5') in 0.025008 seconds 
========================================================================
Received Import Request.
  Time since last request: 0.000055 seconds.
  path: Assets/Characters/Ezio/boot_d.png
  artifactKey: Guid(10abd0fd679e84048a63985f465d6d82) Importer(815301076,1909f56bfc062723c751e8b465ee728b)
Start importing Assets/Characters/Ezio/boot_d.png using Guid(10abd0fd679e84048a63985f465d6d82) Importer(815301076,1909f56bfc062723c751e8b465ee728b)  -> (artifact id: 'bee96baa86dd3328abe5fec421aaefc0') in 0.023279 seconds 
========================================================================
Received Import Request.
  Time since last request: 0.000042 seconds.
  path: Assets/Characters/Ezio/gun_d.png
  artifactKey: Guid(0dc50cedd30b7ac46931ed8d6cb30874) Importer(815301076,1909f56bfc062723c751e8b465ee728b)
Start importing Assets/Characters/Ezio/gun_d.png using Guid(0dc50cedd30b7ac46931ed8d6cb30874) Importer(815301076,1909f56bfc062723c751e8b465ee728b)  -> (artifact id: '9d40f86d5447f45655016276f2faf017') in 0.020572 seconds 
========================================================================
Received Import Request.
  Time since last request: 0.000041 seconds.
  path: Assets/Characters/Ezio/skirt_d.png
  artifactKey: Guid(b59e7c9078e941542a4c3a5072408259) Importer(815301076,1909f56bfc062723c751e8b465ee728b)
Start importing Assets/Characters/Ezio/skirt_d.png using Guid(b59e7c9078e941542a4c3a5072408259) Importer(815301076,1909f56bfc062723c751e8b465ee728b)  -> (artifact id: '6c083a8d5918474f1cc2f20a3e873a5b') in 0.025635 seconds 
========================================================================
Received Import Request.
  Time since last request: 0.000037 seconds.
  path: Assets/Characters/Ezio/boot_n.png
  artifactKey: Guid(d15b265891ed0c04fafb705f04ba1a8c) Importer(815301076,1909f56bfc062723c751e8b465ee728b)
Start importing Assets/Characters/Ezio/boot_n.png using Guid(d15b265891ed0c04fafb705f04ba1a8c) Importer(815301076,1909f56bfc062723c751e8b465ee728b)  -> (artifact id: 'd49233a1e616a5a6eea74658a1703db9') in 0.020508 seconds 
========================================================================
Received Import Request.
  Time since last request: 0.000037 seconds.
  path: Assets/Characters/Ezio/belts_d.png
  artifactKey: Guid(1bf61b0c348029a48a3947e53c94b146) Importer(815301076,1909f56bfc062723c751e8b465ee728b)
Start importing Assets/Characters/Ezio/belts_d.png using Guid(1bf61b0c348029a48a3947e53c94b146) Importer(815301076,1909f56bfc062723c751e8b465ee728b)  -> (artifact id: '10c21d6db0e80787cc701c6b260a55d5') in 0.021794 seconds 
========================================================================
Received Import Request.
  Time since last request: 0.000048 seconds.
  path: Assets/Characters/Ezio/skirt_n.png
  artifactKey: Guid(87e5d8f8c01f04841b0c543bfb3a0df0) Importer(815301076,1909f56bfc062723c751e8b465ee728b)
Start importing Assets/Characters/Ezio/skirt_n.png using Guid(87e5d8f8c01f04841b0c543bfb3a0df0) Importer(815301076,1909f56bfc062723c751e8b465ee728b)  -> (artifact id: 'bccde0d476318eed8b486199ac6d40cd') in 0.022712 seconds 
========================================================================
Received Import Request.
  Time since last request: 0.000039 seconds.
  path: Assets/Characters/Ezio/bracelet_n.png
  artifactKey: Guid(e23916da17798f948869e2786dd945f0) Importer(815301076,1909f56bfc062723c751e8b465ee728b)
Start importing Assets/Characters/Ezio/bracelet_n.png using Guid(e23916da17798f948869e2786dd945f0) Importer(815301076,1909f56bfc062723c751e8b465ee728b)  -> (artifact id: 'd6875d58f4302108dffa5a7d09bc477c') in 0.024007 seconds 
========================================================================
Received Import Request.
  Time since last request: 0.000039 seconds.
  path: Assets/Characters/Ezio/hands_n.png
  artifactKey: Guid(9e0153131844aab49b41046ff7f1b475) Importer(815301076,1909f56bfc062723c751e8b465ee728b)
Start importing Assets/Characters/Ezio/hands_n.png using Guid(9e0153131844aab49b41046ff7f1b475) Importer(815301076,1909f56bfc062723c751e8b465ee728b)  -> (artifact id: 'de38332df0ca58c8f63f2a1b25e07326') in 0.021207 seconds 
========================================================================
Received Import Request.
  Time since last request: 0.000063 seconds.
  path: Assets/Characters/Ezio/hands_d.png
  artifactKey: Guid(a26bec62ed3b8d4498de517b8fa6f483) Importer(815301076,1909f56bfc062723c751e8b465ee728b)
Start importing Assets/Characters/Ezio/hands_d.png using Guid(a26bec62ed3b8d4498de517b8fa6f483) Importer(815301076,1909f56bfc062723c751e8b465ee728b)  -> (artifact id: '0667b6b9ac1989b4d8f0beb26e2ac926') in 0.019780 seconds 
========================================================================
Received Import Request.
  Time since last request: 0.000037 seconds.
  path: Assets/Characters/Ezio/mouth_diffuse.png
  artifactKey: Guid(2116946dc8f73eb44952a548a2bd7107) Importer(815301076,1909f56bfc062723c751e8b465ee728b)
Start importing Assets/Characters/Ezio/mouth_diffuse.png using Guid(2116946dc8f73eb44952a548a2bd7107) Importer(815301076,1909f56bfc062723c751e8b465ee728b)  -> (artifact id: 'e2c198792b40a450eb2354d1d64dd821') in 0.024053 seconds 
Editor requested this worker to shutdown with reason: Scaling down because of idle timeout
AssetImportWorker is now disconnected from the server
Process exiting
Exiting without the bug reporter. Application will terminate with return code 0