Using pre-set license
Built from '2021.3/staging' branch; Version is '2021.3.16f1 (4016570cf34f) revision 4200023'; Using compiler version '192829333'; Build Type 'Release'
OS: 'Windows 10  (10.0.19045) 64bit Professional' Language: 'en' Physical Memory: 16298 MB
BatchMode: 1, IsHumanControllingUs: 0, StartBugReporterOnCrash: 0, Is64bit: 1, IsPro: 1

COMMAND LINE ARGUMENTS:
C:\Program Files\Unity\Hub\Editor\2021.3.16f1\Editor\Unity.exe
-adb2
-batchMode
-noUpm
-name
AssetImportWorker7
-projectPath
D:/UnityProjects/_Github/FlatLand/FlatLand
-logFile
Logs/AssetImportWorker7.log
-srvPort
53042
Successfully changed project path to: D:/UnityProjects/_Github/FlatLand/FlatLand
D:/UnityProjects/_Github/FlatLand/FlatLand
[UnityMemory] Configuration Parameters - Can be set up in boot.config
    "memorysetup-bucket-allocator-granularity=16"
    "memorysetup-bucket-allocator-bucket-count=8"
    "memorysetup-bucket-allocator-block-size=33554432"
    "memorysetup-bucket-allocator-block-count=8"
    "memorysetup-main-allocator-block-size=16777216"
    "memorysetup-thread-allocator-block-size=16777216"
    "memorysetup-gfx-main-allocator-block-size=16777216"
    "memorysetup-gfx-thread-allocator-block-size=16777216"
    "memorysetup-cache-allocator-block-size=4194304"
    "memorysetup-typetree-allocator-block-size=2097152"
    "memorysetup-profiler-bucket-allocator-granularity=16"
    "memorysetup-profiler-bucket-allocator-bucket-count=8"
    "memorysetup-profiler-bucket-allocator-block-size=33554432"
    "memorysetup-profiler-bucket-allocator-block-count=8"
    "memorysetup-profiler-allocator-block-size=16777216"
    "memorysetup-profiler-editor-allocator-block-size=1048576"
    "memorysetup-temp-allocator-size-main=16777216"
    "memorysetup-job-temp-allocator-block-size=2097152"
    "memorysetup-job-temp-allocator-block-size-background=1048576"
    "memorysetup-job-temp-allocator-reduction-small-platforms=262144"
    "memorysetup-temp-allocator-size-background-worker=32768"
    "memorysetup-temp-allocator-size-job-worker=262144"
    "memorysetup-temp-allocator-size-preload-manager=33554432"
    "memorysetup-temp-allocator-size-nav-mesh-worker=65536"
    "memorysetup-temp-allocator-size-audio-worker=65536"
    "memorysetup-temp-allocator-size-cloud-worker=32768"
    "memorysetup-temp-allocator-size-gi-baking-worker=262144"
    "memorysetup-temp-allocator-size-gfx=262144"
Player connection [48148] Host "[IP] 192.168.10.20 [Port] 0 [Flags] 2 [Guid] 2073872573 [EditorId] 2073872573 [Version] 1048832 [Id] WindowsEditor(7,DESKTOP-OJ5C90H) [Debug] 1 [PackageName] WindowsEditor [ProjectName] Editor" joined multi-casting on [225.0.0.222:54997]...

Player connection [48148] Host "[IP] 192.168.10.20 [Port] 0 [Flags] 2 [Guid] 2073872573 [EditorId] 2073872573 [Version] 1048832 [Id] WindowsEditor(7,DESKTOP-OJ5C90H) [Debug] 1 [PackageName] WindowsEditor [ProjectName] Editor" joined alternative multi-casting on [225.0.0.222:34997]...

Refreshing native plugins compatible for Editor in 161.50 ms, found 2 plugins.
Preloading 0 native plugins for Editor in 0.00 ms.
Initialize engine version: 2021.3.16f1 (4016570cf34f)
[Subsystems] Discovering subsystems at path C:/Program Files/Unity/Hub/Editor/2021.3.16f1/Editor/Data/Resources/UnitySubsystems
[Subsystems] Discovering subsystems at path D:/UnityProjects/_Github/FlatLand/FlatLand/Assets
GfxDevice: creating device client; threaded=0; jobified=0
Direct3D:
    Version:  Direct3D 11.0 [level 11.0]
    Renderer: NVIDIA Quadro K2000 (ID=0xffe)
    Vendor:   NVIDIA
    VRAM:     1990 MB
    Driver:   10.18.13.5330
Initialize mono
Mono path[0] = 'C:/Program Files/Unity/Hub/Editor/2021.3.16f1/Editor/Data/Managed'
Mono path[1] = 'C:/Program Files/Unity/Hub/Editor/2021.3.16f1/Editor/Data/MonoBleedingEdge/lib/mono/unityjit-win32'
Mono config path = 'C:/Program Files/Unity/Hub/Editor/2021.3.16f1/Editor/Data/MonoBleedingEdge/etc'
Using monoOptions --debugger-agent=transport=dt_socket,embedding=1,server=y,suspend=n,address=127.0.0.1:56100
Begin MonoManager ReloadAssembly
Registering precompiled unity dll's ...
Register platform support module: C:/Program Files/Unity/Hub/Editor/2021.3.16f1/Editor/Data/PlaybackEngines/WebGLSupport/UnityEditor.WebGL.Extensions.dll
Register platform support module: C:/Program Files/Unity/Hub/Editor/2021.3.16f1/Editor/Data/PlaybackEngines/AndroidPlayer/UnityEditor.Android.Extensions.dll
Register platform support module: C:/Program Files/Unity/Hub/Editor/2021.3.16f1/Editor/Data/PlaybackEngines/iOSSupport/UnityEditor.iOS.Extensions.dll
Register platform support module: C:/Program Files/Unity/Hub/Editor/2021.3.16f1/Editor/Data/PlaybackEngines/WindowsStandaloneSupport/UnityEditor.WindowsStandalone.Extensions.dll
Registered in 0.024785 seconds.
Native extension for WindowsStandalone target not found
Native extension for iOS target not found
Native extension for Android target not found
Native extension for WebGL target not found
Refreshing native plugins compatible for Editor in 160.27 ms, found 2 plugins.
Preloading 0 native plugins for Editor in 0.00 ms.
Mono: successfully reloaded assembly
- Completed reload, in  1.691 seconds
Domain Reload Profiling:
	ReloadAssembly (1692ms)
		BeginReloadAssembly (210ms)
			ExecutionOrderSort (0ms)
			DisableScriptedObjects (0ms)
			BackupInstance (0ms)
			ReleaseScriptingObjects (0ms)
			CreateAndSetChildDomain (2ms)
		EndReloadAssembly (1204ms)
			LoadAssemblies (205ms)
			RebuildTransferFunctionScriptingTraits (0ms)
			SetupTypeCache (293ms)
			ReleaseScriptCaches (0ms)
			RebuildScriptCaches (73ms)
			SetupLoadedEditorAssemblies (706ms)
				LogAssemblyErrors (0ms)
				InitializePlatformSupportModulesInManaged (179ms)
				SetLoadedEditorAssemblies (1ms)
				RefreshPlugins (160ms)
				BeforeProcessingInitializeOnLoad (3ms)
				ProcessInitializeOnLoadAttributes (246ms)
				ProcessInitializeOnLoadMethodAttributes (116ms)
				AfterProcessingInitializeOnLoad (0ms)
				EditorAssembliesLoaded (0ms)
			ExecutionOrderSort2 (0ms)
			AwakeInstancesAfterBackupRestoration (0ms)
Platform modules already initialized, skipping
Registering precompiled user dll's ...
Registered in 0.008931 seconds.
Begin MonoManager ReloadAssembly
Native extension for WindowsStandalone target not found
Native extension for iOS target not found
Native extension for Android target not found
Native extension for WebGL target not found
Refreshing native plugins compatible for Editor in 161.49 ms, found 2 plugins.
Preloading 0 native plugins for Editor in 0.00 ms.
Mono: successfully reloaded assembly
- Completed reload, in  3.487 seconds
Domain Reload Profiling:
	ReloadAssembly (3490ms)
		BeginReloadAssembly (416ms)
			ExecutionOrderSort (0ms)
			DisableScriptedObjects (16ms)
			BackupInstance (0ms)
			ReleaseScriptingObjects (0ms)
			CreateAndSetChildDomain (163ms)
		EndReloadAssembly (2760ms)
			LoadAssemblies (225ms)
			RebuildTransferFunctionScriptingTraits (0ms)
			SetupTypeCache (654ms)
			ReleaseScriptCaches (1ms)
			RebuildScriptCaches (158ms)
			SetupLoadedEditorAssemblies (1614ms)
				LogAssemblyErrors (0ms)
				InitializePlatformSupportModulesInManaged (63ms)
				SetLoadedEditorAssemblies (0ms)
				RefreshPlugins (162ms)
				BeforeProcessingInitializeOnLoad (237ms)
				ProcessInitializeOnLoadAttributes (924ms)
				ProcessInitializeOnLoadMethodAttributes (204ms)
				AfterProcessingInitializeOnLoad (23ms)
				EditorAssembliesLoaded (1ms)
			ExecutionOrderSort2 (0ms)
			AwakeInstancesAfterBackupRestoration (14ms)
Platform modules already initialized, skipping
========================================================================
Worker process is ready to serve import requests
Launched and connected shader compiler UnityShaderCompiler.exe after 0.13 seconds
Refreshing native plugins compatible for Editor in 1.59 ms, found 2 plugins.
Preloading 0 native plugins for Editor in 0.00 ms.
Unloading 3910 Unused Serialized files (Serialized files now loaded: 0)
Unloading 45 unused Assets / (0.8 MB). Loaded Objects now: 4378.
Memory consumption went from 175.9 MB to 175.1 MB.
Total: 9.233200 ms (FindLiveObjects: 0.720600 ms CreateObjectMapping: 0.523700 ms MarkObjects: 7.379100 ms  DeleteObjects: 0.606400 ms)

AssetImportParameters requested are different than current active one (requested -> active):
  custom:video-decoder-ogg-theora: a1e56fd34408186e4bbccfd4996cb3dc -> 
  custom:container-muxer-webm: aa71ff27fc2769a1b78a27578f13a17b -> 
  custom:container-demuxer-webm: 4f35f7cbe854078d1ac9338744f61a02 -> 
  custom:video-encoder-webm-vp8: eb34c28f22e8b96e1ab97ce403110664 -> 
  custom:audio-encoder-webm-vorbis: bf7c407c2cedff20999df2af8eb42d56 -> 
  custom:framework-win-MediaFoundation: 216162199b28c13a410421893ffa2e32 -> 
  custom:container-demuxer-ogg: 62fdf1f143b41e24485cea50d1cbac27 -> 
  custom:video-decoder-webm-vp8: 9c59270c3fd7afecdb556c50c9e8de78 -> 
  custom:audio-decoder-ogg-vorbis: bf7c407c2cedff20999df2af8eb42d56 -> 
========================================================================
Received Import Request.
  Time since last request: 2258653.093847 seconds.
  path: Assets/Characters/Prince/p3dm.ru_0002_2.dds
  artifactKey: Guid(6d0acbccc73e07c489097365d1b47c95) Importer(815301076,1909f56bfc062723c751e8b465ee728b)
Start importing Assets/Characters/Prince/p3dm.ru_0002_2.dds using Guid(6d0acbccc73e07c489097365d1b47c95) Importer(815301076,1909f56bfc062723c751e8b465ee728b)  -> (artifact id: '29b406c4c66feacfbf93f7d5695fdb87') in 0.206872 seconds 
========================================================================
Received Import Request.
  Time since last request: 0.000066 seconds.
  path: Assets/Characters/Prince/p3dm.ru_0003_3.dds
  artifactKey: Guid(2f371ea4c9265fc43ad9f39892c4cf4c) Importer(815301076,1909f56bfc062723c751e8b465ee728b)
Start importing Assets/Characters/Prince/p3dm.ru_0003_3.dds using Guid(2f371ea4c9265fc43ad9f39892c4cf4c) Importer(815301076,1909f56bfc062723c751e8b465ee728b)  -> (artifact id: 'efabe2895e1152aa2b99e3bda923426e') in 0.030843 seconds 
========================================================================
Received Import Request.
  Time since last request: 0.000093 seconds.
  path: Assets/Characters/Prince/p3dm.ru_0031_31.dds
  artifactKey: Guid(0277db33f7bdc8b4887bbbc17563239c) Importer(815301076,1909f56bfc062723c751e8b465ee728b)
Start importing Assets/Characters/Prince/p3dm.ru_0031_31.dds using Guid(0277db33f7bdc8b4887bbbc17563239c) Importer(815301076,1909f56bfc062723c751e8b465ee728b)  -> (artifact id: '42b5363d9ce4ab044f103ce825619d37') in 0.034370 seconds 
========================================================================
Received Import Request.
  Time since last request: 0.000044 seconds.
  path: Assets/Characters/Prince/p3dm.ru_0025_25.dds
  artifactKey: Guid(74c9cf817464a874ba8e127100221d7f) Importer(815301076,1909f56bfc062723c751e8b465ee728b)
Start importing Assets/Characters/Prince/p3dm.ru_0025_25.dds using Guid(74c9cf817464a874ba8e127100221d7f) Importer(815301076,1909f56bfc062723c751e8b465ee728b)  -> (artifact id: '7094ef1da8746c867482b49af0093e2e') in 0.025455 seconds 
========================================================================
Received Import Request.
  Time since last request: 0.000049 seconds.
  path: Assets/Characters/Prince/Tex_0111_0.dds
  artifactKey: Guid(94d04c2aa1f1fee418d54fdc0c701448) Importer(815301076,1909f56bfc062723c751e8b465ee728b)
Start importing Assets/Characters/Prince/Tex_0111_0.dds using Guid(94d04c2aa1f1fee418d54fdc0c701448) Importer(815301076,1909f56bfc062723c751e8b465ee728b)  -> (artifact id: 'be239ee658420f3a3d02c037fe02d601') in 0.026271 seconds 
========================================================================
Received Import Request.
  Time since last request: 0.000052 seconds.
  path: Assets/Characters/Prince/p3dm.ru_0030_30.dds
  artifactKey: Guid(085397485ca1c224081b1f6b7d6350f6) Importer(815301076,1909f56bfc062723c751e8b465ee728b)
Start importing Assets/Characters/Prince/p3dm.ru_0030_30.dds using Guid(085397485ca1c224081b1f6b7d6350f6) Importer(815301076,1909f56bfc062723c751e8b465ee728b)  -> (artifact id: 'bfb0db15cd48f79180e733fc08838b1c') in 0.026165 seconds 
========================================================================
Received Import Request.
  Time since last request: 0.000041 seconds.
  path: Assets/Characters/Prince/p3dm.ru_0020_20.dds
  artifactKey: Guid(0322d61254f7c9349b82a0ce5c0e4818) Importer(815301076,1909f56bfc062723c751e8b465ee728b)
Start importing Assets/Characters/Prince/p3dm.ru_0020_20.dds using Guid(0322d61254f7c9349b82a0ce5c0e4818) Importer(815301076,1909f56bfc062723c751e8b465ee728b)  -> (artifact id: '27d3f030e4581f10d2a8fc97c874e119') in 0.026815 seconds 
========================================================================
Received Import Request.
  Time since last request: 0.000042 seconds.
  path: Assets/Characters/Prince/p3dm.ru_0010_10.dds
  artifactKey: Guid(a873820ab1af56048906b423881fd4a8) Importer(815301076,1909f56bfc062723c751e8b465ee728b)
Start importing Assets/Characters/Prince/p3dm.ru_0010_10.dds using Guid(a873820ab1af56048906b423881fd4a8) Importer(815301076,1909f56bfc062723c751e8b465ee728b)  -> (artifact id: '3bb7fdeffc983ed25e7b4903358151ad') in 0.031267 seconds 
========================================================================
Received Import Request.
  Time since last request: 0.000054 seconds.
  path: Assets/Characters/Prince/p3dm.ru_0027_27.dds
  artifactKey: Guid(bbf0503e308d98249adde156cff6dc66) Importer(815301076,1909f56bfc062723c751e8b465ee728b)
Start importing Assets/Characters/Prince/p3dm.ru_0027_27.dds using Guid(bbf0503e308d98249adde156cff6dc66) Importer(815301076,1909f56bfc062723c751e8b465ee728b)  -> (artifact id: 'e5dc9d1ab70969abd45e51079d4b03d8') in 0.028048 seconds 
========================================================================
Received Import Request.
  Time since last request: 0.000061 seconds.
  path: Assets/Characters/Prince/p3dm.ru_Prince (assassins creed).obj
  artifactKey: Guid(6c475e2d48f0ac64a9247f2d37dd22c0) Importer(815301076,1909f56bfc062723c751e8b465ee728b)
Start importing Assets/Characters/Prince/p3dm.ru_Prince (assassins creed).obj using Guid(6c475e2d48f0ac64a9247f2d37dd22c0) Importer(815301076,1909f56bfc062723c751e8b465ee728b)  -> (artifact id: '113b6b144f2322ba036e3297ad9d4fa5') in 0.660213 seconds 
========================================================================
Received Prepare
Registering precompiled user dll's ...
Registered in 0.010767 seconds.
Begin MonoManager ReloadAssembly
Native extension for WindowsStandalone target not found
Native extension for iOS target not found
Native extension for Android target not found
Native extension for WebGL target not found
Refreshing native plugins compatible for Editor in 1.64 ms, found 2 plugins.
Preloading 0 native plugins for Editor in 0.00 ms.
Mono: successfully reloaded assembly
- Completed reload, in  2.983 seconds
Domain Reload Profiling:
	ReloadAssembly (2985ms)
		BeginReloadAssembly (457ms)
			ExecutionOrderSort (0ms)
			DisableScriptedObjects (20ms)
			BackupInstance (0ms)
			ReleaseScriptingObjects (0ms)
			CreateAndSetChildDomain (199ms)
		EndReloadAssembly (2282ms)
			LoadAssemblies (212ms)
			RebuildTransferFunctionScriptingTraits (0ms)
			SetupTypeCache (595ms)
			ReleaseScriptCaches (2ms)
			RebuildScriptCaches (114ms)
			SetupLoadedEditorAssemblies (1272ms)
				LogAssemblyErrors (0ms)
				InitializePlatformSupportModulesInManaged (86ms)
				SetLoadedEditorAssemblies (1ms)
				RefreshPlugins (2ms)
				BeforeProcessingInitializeOnLoad (172ms)
				ProcessInitializeOnLoadAttributes (780ms)
				ProcessInitializeOnLoadMethodAttributes (207ms)
				AfterProcessingInitializeOnLoad (23ms)
				EditorAssembliesLoaded (0ms)
			ExecutionOrderSort2 (0ms)
			AwakeInstancesAfterBackupRestoration (16ms)
Platform modules already initialized, skipping
Refreshing native plugins compatible for Editor in 5.14 ms, found 2 plugins.
Preloading 0 native plugins for Editor in 0.00 ms.
Unloading 3834 Unused Serialized files (Serialized files now loaded: 0)
Unloading 24 unused Assets / (0.8 MB). Loaded Objects now: 4438.
Memory consumption went from 174.8 MB to 174.0 MB.
Total: 8.251800 ms (FindLiveObjects: 0.434300 ms CreateObjectMapping: 0.235200 ms MarkObjects: 7.069600 ms  DeleteObjects: 0.510100 ms)

AssetImportParameters requested are different than current active one (requested -> active):
  custom:video-decoder-ogg-theora: a1e56fd34408186e4bbccfd4996cb3dc -> 
  custom:container-muxer-webm: aa71ff27fc2769a1b78a27578f13a17b -> 
  custom:container-demuxer-webm: 4f35f7cbe854078d1ac9338744f61a02 -> 
  custom:video-encoder-webm-vp8: eb34c28f22e8b96e1ab97ce403110664 -> 
  custom:audio-encoder-webm-vorbis: bf7c407c2cedff20999df2af8eb42d56 -> 
  custom:framework-win-MediaFoundation: 216162199b28c13a410421893ffa2e32 -> 
  custom:container-demuxer-ogg: 62fdf1f143b41e24485cea50d1cbac27 -> 
  custom:video-decoder-webm-vp8: 9c59270c3fd7afecdb556c50c9e8de78 -> 
  custom:audio-decoder-ogg-vorbis: bf7c407c2cedff20999df2af8eb42d56 -> 
========================================================================
Received Import Request.
  Time since last request: 16195.955523 seconds.
  path: Assets/Characters/Girl/medea_m_arrebola@Female Start Walking.fbx
  artifactKey: Guid(10a465609407c5348930fedbdee9e5ec) Importer(815301076,1909f56bfc062723c751e8b465ee728b)
Start importing Assets/Characters/Girl/medea_m_arrebola@Female Start Walking.fbx using Guid(10a465609407c5348930fedbdee9e5ec) Importer(815301076,1909f56bfc062723c751e8b465ee728b)  -> (artifact id: '1ba84abd7fde55e5b5da4de4eebad1a5') in 0.166343 seconds 
========================================================================
Received Import Request.
  Time since last request: 0.000052 seconds.
  path: Assets/Characters/Girl/medea_m_arrebola@Slow Run.fbx
  artifactKey: Guid(fe53056012e47bc49a3cf16c0dbdbe5a) Importer(815301076,1909f56bfc062723c751e8b465ee728b)
Start importing Assets/Characters/Girl/medea_m_arrebola@Slow Run.fbx using Guid(fe53056012e47bc49a3cf16c0dbdbe5a) Importer(815301076,1909f56bfc062723c751e8b465ee728b)  -> (artifact id: '635e088801dccdb2e350e568f1224910') in 0.044749 seconds 
========================================================================
Received Import Request.
  Time since last request: 0.000055 seconds.
  path: Assets/Characters/Girl/medea_m_arrebola@Walking.fbx
  artifactKey: Guid(0fcc7b4bde963ba4a86c0795a3b9b60f) Importer(815301076,1909f56bfc062723c751e8b465ee728b)
Start importing Assets/Characters/Girl/medea_m_arrebola@Walking.fbx using Guid(0fcc7b4bde963ba4a86c0795a3b9b60f) Importer(815301076,1909f56bfc062723c751e8b465ee728b)  -> (artifact id: '2a0977bf69de744e4fbe1dc62ec16e8f') in 0.073759 seconds 
========================================================================
Received Import Request.
  Time since last request: 0.000034 seconds.
  path: Assets/Characters/Girl/medea_m_arrebola@Unarmed Idle 01.fbx
  artifactKey: Guid(d73a4811385252e46aeee2dc85d55062) Importer(815301076,1909f56bfc062723c751e8b465ee728b)
Start importing Assets/Characters/Girl/medea_m_arrebola@Unarmed Idle 01.fbx using Guid(d73a4811385252e46aeee2dc85d55062) Importer(815301076,1909f56bfc062723c751e8b465ee728b)  -> (artifact id: 'a59458623374abd91036c69474487993') in 0.047966 seconds 
Editor requested this worker to shutdown with reason: Scaling down because of idle timeout
AssetImportWorker is now disconnected from the server
Process exiting
Exiting without the bug reporter. Application will terminate with return code 0