Using pre-set license
Built from '2021.3/staging' branch; Version is '2021.3.16f1 (4016570cf34f) revision 4200023'; Using compiler version '192829333'; Build Type 'Release'
OS: 'Windows 10  (10.0.19045) 64bit Professional' Language: 'en' Physical Memory: 16298 MB
BatchMode: 1, IsHumanControllingUs: 0, StartBugReporterOnCrash: 0, Is64bit: 1, IsPro: 1

COMMAND LINE ARGUMENTS:
C:\Program Files\Unity\Hub\Editor\2021.3.16f1\Editor\Unity.exe
-adb2
-batchMode
-noUpm
-name
AssetImportWorker8
-projectPath
D:/UnityProjects/_Github/FlatLand/FlatLand
-logFile
Logs/AssetImportWorker8.log
-srvPort
53042
Successfully changed project path to: D:/UnityProjects/_Github/FlatLand/FlatLand
D:/UnityProjects/_Github/FlatLand/FlatLand
[UnityMemory] Configuration Parameters - Can be set up in boot.config
    "memorysetup-bucket-allocator-granularity=16"
    "memorysetup-bucket-allocator-bucket-count=8"
    "memorysetup-bucket-allocator-block-size=33554432"
    "memorysetup-bucket-allocator-block-count=8"
    "memorysetup-main-allocator-block-size=16777216"
    "memorysetup-thread-allocator-block-size=16777216"
    "memorysetup-gfx-main-allocator-block-size=16777216"
    "memorysetup-gfx-thread-allocator-block-size=16777216"
    "memorysetup-cache-allocator-block-size=4194304"
    "memorysetup-typetree-allocator-block-size=2097152"
    "memorysetup-profiler-bucket-allocator-granularity=16"
    "memorysetup-profiler-bucket-allocator-bucket-count=8"
    "memorysetup-profiler-bucket-allocator-block-size=33554432"
    "memorysetup-profiler-bucket-allocator-block-count=8"
    "memorysetup-profiler-allocator-block-size=16777216"
    "memorysetup-profiler-editor-allocator-block-size=1048576"
    "memorysetup-temp-allocator-size-main=16777216"
    "memorysetup-job-temp-allocator-block-size=2097152"
    "memorysetup-job-temp-allocator-block-size-background=1048576"
    "memorysetup-job-temp-allocator-reduction-small-platforms=262144"
    "memorysetup-temp-allocator-size-background-worker=32768"
    "memorysetup-temp-allocator-size-job-worker=262144"
    "memorysetup-temp-allocator-size-preload-manager=33554432"
    "memorysetup-temp-allocator-size-nav-mesh-worker=65536"
    "memorysetup-temp-allocator-size-audio-worker=65536"
    "memorysetup-temp-allocator-size-cloud-worker=32768"
    "memorysetup-temp-allocator-size-gi-baking-worker=262144"
    "memorysetup-temp-allocator-size-gfx=262144"
Player connection [23864] Host "[IP] 192.168.10.20 [Port] 0 [Flags] 2 [Guid] 1844151912 [EditorId] 1844151912 [Version] 1048832 [Id] WindowsEditor(7,DESKTOP-OJ5C90H) [Debug] 1 [PackageName] WindowsEditor [ProjectName] Editor" joined multi-casting on [225.0.0.222:54997]...

Player connection [23864] Host "[IP] 192.168.10.20 [Port] 0 [Flags] 2 [Guid] 1844151912 [EditorId] 1844151912 [Version] 1048832 [Id] WindowsEditor(7,DESKTOP-OJ5C90H) [Debug] 1 [PackageName] WindowsEditor [ProjectName] Editor" joined alternative multi-casting on [225.0.0.222:34997]...

Refreshing native plugins compatible for Editor in 142.20 ms, found 2 plugins.
Preloading 0 native plugins for Editor in 0.00 ms.
Initialize engine version: 2021.3.16f1 (4016570cf34f)
[Subsystems] Discovering subsystems at path C:/Program Files/Unity/Hub/Editor/2021.3.16f1/Editor/Data/Resources/UnitySubsystems
[Subsystems] Discovering subsystems at path D:/UnityProjects/_Github/FlatLand/FlatLand/Assets
GfxDevice: creating device client; threaded=0; jobified=0
Direct3D:
    Version:  Direct3D 11.0 [level 11.0]
    Renderer: NVIDIA Quadro K2000 (ID=0xffe)
    Vendor:   NVIDIA
    VRAM:     1990 MB
    Driver:   10.18.13.5330
Initialize mono
Mono path[0] = 'C:/Program Files/Unity/Hub/Editor/2021.3.16f1/Editor/Data/Managed'
Mono path[1] = 'C:/Program Files/Unity/Hub/Editor/2021.3.16f1/Editor/Data/MonoBleedingEdge/lib/mono/unityjit-win32'
Mono config path = 'C:/Program Files/Unity/Hub/Editor/2021.3.16f1/Editor/Data/MonoBleedingEdge/etc'
Using monoOptions --debugger-agent=transport=dt_socket,embedding=1,server=y,suspend=n,address=127.0.0.1:56772
Begin MonoManager ReloadAssembly
Registering precompiled unity dll's ...
Register platform support module: C:/Program Files/Unity/Hub/Editor/2021.3.16f1/Editor/Data/PlaybackEngines/WebGLSupport/UnityEditor.WebGL.Extensions.dll
Register platform support module: C:/Program Files/Unity/Hub/Editor/2021.3.16f1/Editor/Data/PlaybackEngines/AndroidPlayer/UnityEditor.Android.Extensions.dll
Register platform support module: C:/Program Files/Unity/Hub/Editor/2021.3.16f1/Editor/Data/PlaybackEngines/iOSSupport/UnityEditor.iOS.Extensions.dll
Register platform support module: C:/Program Files/Unity/Hub/Editor/2021.3.16f1/Editor/Data/PlaybackEngines/WindowsStandaloneSupport/UnityEditor.WindowsStandalone.Extensions.dll
Registered in 0.026597 seconds.
Native extension for WindowsStandalone target not found
Native extension for iOS target not found
Native extension for Android target not found
Native extension for WebGL target not found
Refreshing native plugins compatible for Editor in 133.85 ms, found 2 plugins.
Preloading 0 native plugins for Editor in 0.00 ms.
Mono: successfully reloaded assembly
- Completed reload, in  1.516 seconds
Domain Reload Profiling:
	ReloadAssembly (1518ms)
		BeginReloadAssembly (174ms)
			ExecutionOrderSort (0ms)
			DisableScriptedObjects (0ms)
			BackupInstance (0ms)
			ReleaseScriptingObjects (0ms)
			CreateAndSetChildDomain (2ms)
		EndReloadAssembly (1071ms)
			LoadAssemblies (170ms)
			RebuildTransferFunctionScriptingTraits (0ms)
			SetupTypeCache (255ms)
			ReleaseScriptCaches (0ms)
			RebuildScriptCaches (75ms)
			SetupLoadedEditorAssemblies (622ms)
				LogAssemblyErrors (0ms)
				InitializePlatformSupportModulesInManaged (158ms)
				SetLoadedEditorAssemblies (0ms)
				RefreshPlugins (134ms)
				BeforeProcessingInitializeOnLoad (3ms)
				ProcessInitializeOnLoadAttributes (225ms)
				ProcessInitializeOnLoadMethodAttributes (101ms)
				AfterProcessingInitializeOnLoad (0ms)
				EditorAssembliesLoaded (0ms)
			ExecutionOrderSort2 (0ms)
			AwakeInstancesAfterBackupRestoration (0ms)
Platform modules already initialized, skipping
Registering precompiled user dll's ...
Registered in 0.008110 seconds.
Begin MonoManager ReloadAssembly
Native extension for WindowsStandalone target not found
Native extension for iOS target not found
Native extension for Android target not found
Native extension for WebGL target not found
Refreshing native plugins compatible for Editor in 146.37 ms, found 2 plugins.
Preloading 0 native plugins for Editor in 0.00 ms.
Mono: successfully reloaded assembly
- Completed reload, in  3.082 seconds
Domain Reload Profiling:
	ReloadAssembly (3084ms)
		BeginReloadAssembly (388ms)
			ExecutionOrderSort (0ms)
			DisableScriptedObjects (17ms)
			BackupInstance (0ms)
			ReleaseScriptingObjects (0ms)
			CreateAndSetChildDomain (144ms)
		EndReloadAssembly (2403ms)
			LoadAssemblies (208ms)
			RebuildTransferFunctionScriptingTraits (0ms)
			SetupTypeCache (590ms)
			ReleaseScriptCaches (1ms)
			RebuildScriptCaches (137ms)
			SetupLoadedEditorAssemblies (1399ms)
				LogAssemblyErrors (0ms)
				InitializePlatformSupportModulesInManaged (58ms)
				SetLoadedEditorAssemblies (0ms)
				RefreshPlugins (147ms)
				BeforeProcessingInitializeOnLoad (227ms)
				ProcessInitializeOnLoadAttributes (752ms)
				ProcessInitializeOnLoadMethodAttributes (193ms)
				AfterProcessingInitializeOnLoad (21ms)
				EditorAssembliesLoaded (1ms)
			ExecutionOrderSort2 (0ms)
			AwakeInstancesAfterBackupRestoration (13ms)
Platform modules already initialized, skipping
========================================================================
Worker process is ready to serve import requests
Launched and connected shader compiler UnityShaderCompiler.exe after 0.09 seconds
Refreshing native plugins compatible for Editor in 1.46 ms, found 2 plugins.
Preloading 0 native plugins for Editor in 0.00 ms.
Unloading 3910 Unused Serialized files (Serialized files now loaded: 0)
Unloading 45 unused Assets / (0.8 MB). Loaded Objects now: 4378.
Memory consumption went from 175.9 MB to 175.1 MB.
Total: 7.901700 ms (FindLiveObjects: 0.481100 ms CreateObjectMapping: 0.281800 ms MarkObjects: 6.515300 ms  DeleteObjects: 0.621400 ms)

AssetImportParameters requested are different than current active one (requested -> active):
  custom:video-decoder-ogg-theora: a1e56fd34408186e4bbccfd4996cb3dc -> 
  custom:container-muxer-webm: aa71ff27fc2769a1b78a27578f13a17b -> 
  custom:container-demuxer-webm: 4f35f7cbe854078d1ac9338744f61a02 -> 
  custom:video-encoder-webm-vp8: eb34c28f22e8b96e1ab97ce403110664 -> 
  custom:audio-encoder-webm-vorbis: bf7c407c2cedff20999df2af8eb42d56 -> 
  custom:framework-win-MediaFoundation: 216162199b28c13a410421893ffa2e32 -> 
  custom:container-demuxer-ogg: 62fdf1f143b41e24485cea50d1cbac27 -> 
  custom:video-decoder-webm-vp8: 9c59270c3fd7afecdb556c50c9e8de78 -> 
  custom:audio-decoder-ogg-vorbis: bf7c407c2cedff20999df2af8eb42d56 -> 
========================================================================
Received Import Request.
  Time since last request: 2274724.295893 seconds.
  path: Assets/Characters/character.fbx
  artifactKey: Guid(c5200820c953aa94c91b18bb309ab319) Importer(815301076,1909f56bfc062723c751e8b465ee728b)
Start importing Assets/Characters/character.fbx using Guid(c5200820c953aa94c91b18bb309ab319) Importer(815301076,1909f56bfc062723c751e8b465ee728b)  -> (artifact id: '87f849453414e9a414db89ab7235f1b6') in 0.432327 seconds 
========================================================================
Received Import Request.
  Time since last request: 13.938740 seconds.
  path: Assets/Characters/character.fbx
  artifactKey: Guid(c5200820c953aa94c91b18bb309ab319) Importer(815301076,1909f56bfc062723c751e8b465ee728b)
Start importing Assets/Characters/character.fbx using Guid(c5200820c953aa94c91b18bb309ab319) Importer(815301076,1909f56bfc062723c751e8b465ee728b)  -> (artifact id: 'b8faaf65267b71e07ef1edd0d42d6e78') in 0.060291 seconds 
========================================================================
Received Import Request.
  Time since last request: 4.341965 seconds.
  path: Assets/Characters/character.fbx
  artifactKey: Guid(c5200820c953aa94c91b18bb309ab319) Importer(815301076,1909f56bfc062723c751e8b465ee728b)
Start importing Assets/Characters/character.fbx using Guid(c5200820c953aa94c91b18bb309ab319) Importer(815301076,1909f56bfc062723c751e8b465ee728b)  -> (artifact id: 'c0689b21385161eb72bc0c18b32ce056') in 0.061366 seconds 
========================================================================
Received Import Request.
  Time since last request: 4.291550 seconds.
  path: Assets/Characters/character.fbm
  artifactKey: Guid(b22efaa4b59305a4c9712942b23096dd) Importer(815301076,1909f56bfc062723c751e8b465ee728b)
Start importing Assets/Characters/character.fbm using Guid(b22efaa4b59305a4c9712942b23096dd) Importer(815301076,1909f56bfc062723c751e8b465ee728b)  -> (artifact id: '0c5cffe400821e5cd80a2c7410f07813') in 0.017632 seconds 
========================================================================
Received Import Request.
  Time since last request: 1.504345 seconds.
  path: Assets/Characters/Materials
  artifactKey: Guid(2d67ac394dd3cc34c85ccbf46bdf3acf) Importer(815301076,1909f56bfc062723c751e8b465ee728b)
Start importing Assets/Characters/Materials using Guid(2d67ac394dd3cc34c85ccbf46bdf3acf) Importer(815301076,1909f56bfc062723c751e8b465ee728b)  -> (artifact id: 'dce14540924287f97cfb525074ff93b8') in 0.015470 seconds 
========================================================================
Received Import Request.
  Time since last request: 0.877558 seconds.
  path: Assets/Characters/character.fbm/akai_diffuse.png
  artifactKey: Guid(e7fd73c6e6e1f9c4484f16d19fcc3609) Importer(815301076,1909f56bfc062723c751e8b465ee728b)
Start importing Assets/Characters/character.fbm/akai_diffuse.png using Guid(e7fd73c6e6e1f9c4484f16d19fcc3609) Importer(815301076,1909f56bfc062723c751e8b465ee728b)  -> (artifact id: '00000000000000000000000000000000') in 0.052254 seconds  code(4) message(Build asset version error: assets/characters/character.fbm/akai_diffuse.png in SourceAssetDB has modification time of '2023-07-11T16:03:28.3916426Z' while content on disk has modification time of '2023-07-11T16:03:29.3433676Z')
  ERROR: Build asset version error: assets/characters/character.fbm/akai_diffuse.png in SourceAssetDB has modification time of '2023-07-11T16:03:28.3916426Z' while content on disk has modification time of '2023-07-11T16:03:29.3433676Z'
========================================================================
Received Import Request.
  Time since last request: 17.895928 seconds.
  path: Assets/Characters
  artifactKey: Guid(aca8a7bf7fcdc544890062b738b6707e) Importer(815301076,1909f56bfc062723c751e8b465ee728b)
Start importing Assets/Characters using Guid(aca8a7bf7fcdc544890062b738b6707e) Importer(815301076,1909f56bfc062723c751e8b465ee728b)  -> (artifact id: 'd0384fe66f7dd5cb77509eb4f405bf11') in 0.016768 seconds 
========================================================================
Received Import Request.
  Time since last request: 4.416384 seconds.
  path: Assets/Characters/Hunter
  artifactKey: Guid(51b03d813dfa24944b3ff03a928d46d2) Importer(815301076,1909f56bfc062723c751e8b465ee728b)
Start importing Assets/Characters/Hunter using Guid(51b03d813dfa24944b3ff03a928d46d2) Importer(815301076,1909f56bfc062723c751e8b465ee728b)  -> (artifact id: 'dd2659e1a1191c1a07c26129cd864aa1') in 0.015128 seconds 
========================================================================
Received Import Request.
  Time since last request: 18.470422 seconds.
  path: Assets/Characters/Hunter/character.fbx
  artifactKey: Guid(c5200820c953aa94c91b18bb309ab319) Importer(815301076,1909f56bfc062723c751e8b465ee728b)
Start importing Assets/Characters/Hunter/character.fbx using Guid(c5200820c953aa94c91b18bb309ab319) Importer(815301076,1909f56bfc062723c751e8b465ee728b)  -> (artifact id: '5efdf565d0fdcc4344184bf0c1e93949') in 0.048369 seconds 
========================================================================
Received Prepare
Registering precompiled user dll's ...
Registered in 0.008999 seconds.
Begin MonoManager ReloadAssembly
Native extension for WindowsStandalone target not found
Native extension for iOS target not found
Native extension for Android target not found
Native extension for WebGL target not found
Refreshing native plugins compatible for Editor in 1.55 ms, found 2 plugins.
Preloading 0 native plugins for Editor in 0.00 ms.
Mono: successfully reloaded assembly
- Completed reload, in  2.798 seconds
Domain Reload Profiling:
	ReloadAssembly (2799ms)
		BeginReloadAssembly (301ms)
			ExecutionOrderSort (0ms)
			DisableScriptedObjects (12ms)
			BackupInstance (0ms)
			ReleaseScriptingObjects (0ms)
			CreateAndSetChildDomain (97ms)
		EndReloadAssembly (2255ms)
			LoadAssemblies (197ms)
			RebuildTransferFunctionScriptingTraits (0ms)
			SetupTypeCache (582ms)
			ReleaseScriptCaches (2ms)
			RebuildScriptCaches (106ms)
			SetupLoadedEditorAssemblies (1250ms)
				LogAssemblyErrors (0ms)
				InitializePlatformSupportModulesInManaged (84ms)
				SetLoadedEditorAssemblies (1ms)
				RefreshPlugins (2ms)
				BeforeProcessingInitializeOnLoad (172ms)
				ProcessInitializeOnLoadAttributes (768ms)
				ProcessInitializeOnLoadMethodAttributes (198ms)
				AfterProcessingInitializeOnLoad (25ms)
				EditorAssembliesLoaded (0ms)
			ExecutionOrderSort2 (0ms)
			AwakeInstancesAfterBackupRestoration (18ms)
Platform modules already initialized, skipping
Refreshing native plugins compatible for Editor in 5.25 ms, found 2 plugins.
Preloading 0 native plugins for Editor in 0.00 ms.
Unloading 3834 Unused Serialized files (Serialized files now loaded: 0)
Unloading 24 unused Assets / (0.8 MB). Loaded Objects now: 4439.
Memory consumption went from 187.3 MB to 186.6 MB.
Total: 7.635600 ms (FindLiveObjects: 0.467800 ms CreateObjectMapping: 0.236100 ms MarkObjects: 6.401600 ms  DeleteObjects: 0.527800 ms)

AssetImportParameters requested are different than current active one (requested -> active):
  custom:video-decoder-ogg-theora: a1e56fd34408186e4bbccfd4996cb3dc -> 
  custom:container-muxer-webm: aa71ff27fc2769a1b78a27578f13a17b -> 
  custom:container-demuxer-webm: 4f35f7cbe854078d1ac9338744f61a02 -> 
  custom:video-encoder-webm-vp8: eb34c28f22e8b96e1ab97ce403110664 -> 
  custom:audio-encoder-webm-vorbis: bf7c407c2cedff20999df2af8eb42d56 -> 
  custom:framework-win-MediaFoundation: 216162199b28c13a410421893ffa2e32 -> 
  custom:container-demuxer-ogg: 62fdf1f143b41e24485cea50d1cbac27 -> 
  custom:video-decoder-webm-vp8: 9c59270c3fd7afecdb556c50c9e8de78 -> 
  custom:audio-decoder-ogg-vorbis: bf7c407c2cedff20999df2af8eb42d56 -> 
========================================================================
Received Import Request.
  Time since last request: 59.340777 seconds.
  path: Assets/Characters/Girl/medea_m_arrebola.fbx
  artifactKey: Guid(e50ca61fa5055f34b9fe1e9d1b36dbfc) Importer(815301076,1909f56bfc062723c751e8b465ee728b)
Start importing Assets/Characters/Girl/medea_m_arrebola.fbx using Guid(e50ca61fa5055f34b9fe1e9d1b36dbfc) Importer(815301076,1909f56bfc062723c751e8b465ee728b)  -> (artifact id: '7b7da11e463486e6a19715686064ed5c') in 0.437040 seconds 
========================================================================
Received Import Request.
  Time since last request: 15.160895 seconds.
  path: Assets/Characters/Hunter/character.fbx
  artifactKey: Guid(c5200820c953aa94c91b18bb309ab319) Importer(815301076,1909f56bfc062723c751e8b465ee728b)
Start importing Assets/Characters/Hunter/character.fbx using Guid(c5200820c953aa94c91b18bb309ab319) Importer(815301076,1909f56bfc062723c751e8b465ee728b)  -> (artifact id: '669a2f7b936aca288ff769021abf2ec1') in 0.054521 seconds 
========================================================================
Received Import Request.
  Time since last request: 10.940454 seconds.
  path: Assets/Characters/Hunter/Hunter.fbx
  artifactKey: Guid(c5200820c953aa94c91b18bb309ab319) Importer(815301076,1909f56bfc062723c751e8b465ee728b)
Start importing Assets/Characters/Hunter/Hunter.fbx using Guid(c5200820c953aa94c91b18bb309ab319) Importer(815301076,1909f56bfc062723c751e8b465ee728b)  -> (artifact id: 'aa3dff61cc57047082f2297fc8b5322c') in 0.050383 seconds 
========================================================================
Received Prepare
Registering precompiled user dll's ...
Registered in 0.011144 seconds.
Begin MonoManager ReloadAssembly
Native extension for WindowsStandalone target not found
Native extension for iOS target not found
Native extension for Android target not found
Native extension for WebGL target not found
Refreshing native plugins compatible for Editor in 2.01 ms, found 2 plugins.
Preloading 0 native plugins for Editor in 0.00 ms.
Mono: successfully reloaded assembly
- Completed reload, in  2.765 seconds
Domain Reload Profiling:
	ReloadAssembly (2766ms)
		BeginReloadAssembly (273ms)
			ExecutionOrderSort (0ms)
			DisableScriptedObjects (11ms)
			BackupInstance (0ms)
			ReleaseScriptingObjects (0ms)
			CreateAndSetChildDomain (71ms)
		EndReloadAssembly (2257ms)
			LoadAssemblies (189ms)
			RebuildTransferFunctionScriptingTraits (0ms)
			SetupTypeCache (571ms)
			ReleaseScriptCaches (3ms)
			RebuildScriptCaches (120ms)
			SetupLoadedEditorAssemblies (1263ms)
				LogAssemblyErrors (0ms)
				InitializePlatformSupportModulesInManaged (85ms)
				SetLoadedEditorAssemblies (1ms)
				RefreshPlugins (2ms)
				BeforeProcessingInitializeOnLoad (174ms)
				ProcessInitializeOnLoadAttributes (771ms)
				ProcessInitializeOnLoadMethodAttributes (202ms)
				AfterProcessingInitializeOnLoad (27ms)
				EditorAssembliesLoaded (1ms)
			ExecutionOrderSort2 (0ms)
			AwakeInstancesAfterBackupRestoration (15ms)
Platform modules already initialized, skipping
Refreshing native plugins compatible for Editor in 4.53 ms, found 2 plugins.
Preloading 0 native plugins for Editor in 0.00 ms.
Unloading 3834 Unused Serialized files (Serialized files now loaded: 0)
Unloading 24 unused Assets / (0.8 MB). Loaded Objects now: 4454.
Memory consumption went from 187.5 MB to 186.7 MB.
Total: 7.712400 ms (FindLiveObjects: 0.440000 ms CreateObjectMapping: 0.240400 ms MarkObjects: 6.467200 ms  DeleteObjects: 0.562400 ms)

AssetImportParameters requested are different than current active one (requested -> active):
  custom:video-decoder-ogg-theora: a1e56fd34408186e4bbccfd4996cb3dc -> 
  custom:container-muxer-webm: aa71ff27fc2769a1b78a27578f13a17b -> 
  custom:container-demuxer-webm: 4f35f7cbe854078d1ac9338744f61a02 -> 
  custom:video-encoder-webm-vp8: eb34c28f22e8b96e1ab97ce403110664 -> 
  custom:audio-encoder-webm-vorbis: bf7c407c2cedff20999df2af8eb42d56 -> 
  custom:framework-win-MediaFoundation: 216162199b28c13a410421893ffa2e32 -> 
  custom:container-demuxer-ogg: 62fdf1f143b41e24485cea50d1cbac27 -> 
  custom:video-decoder-webm-vp8: 9c59270c3fd7afecdb556c50c9e8de78 -> 
  custom:audio-decoder-ogg-vorbis: bf7c407c2cedff20999df2af8eb42d56 -> 
