Using pre-set license
Built from '2021.3/staging' branch; Version is '2021.3.16f1 (4016570cf34f) revision 4200023'; Using compiler version '192829333'; Build Type 'Release'
OS: 'Windows 10  (10.0.19045) 64bit Professional' Language: 'en' Physical Memory: 16298 MB
BatchMode: 1, IsHumanControllingUs: 0, StartBugReporterOnCrash: 0, Is64bit: 1, IsPro: 1

COMMAND LINE ARGUMENTS:
C:\Program Files\Unity\Hub\Editor\2021.3.16f1\Editor\Unity.exe
-adb2
-batchMode
-noUpm
-name
AssetImportWorker4
-projectPath
D:/UnityProjects/_Github/FlatLand/FlatLand
-logFile
Logs/AssetImportWorker4.log
-srvPort
53042
Successfully changed project path to: D:/UnityProjects/_Github/FlatLand/FlatLand
D:/UnityProjects/_Github/FlatLand/FlatLand
[UnityMemory] Configuration Parameters - Can be set up in boot.config
    "memorysetup-bucket-allocator-granularity=16"
    "memorysetup-bucket-allocator-bucket-count=8"
    "memorysetup-bucket-allocator-block-size=33554432"
    "memorysetup-bucket-allocator-block-count=8"
    "memorysetup-main-allocator-block-size=16777216"
    "memorysetup-thread-allocator-block-size=16777216"
    "memorysetup-gfx-main-allocator-block-size=16777216"
    "memorysetup-gfx-thread-allocator-block-size=16777216"
    "memorysetup-cache-allocator-block-size=4194304"
    "memorysetup-typetree-allocator-block-size=2097152"
    "memorysetup-profiler-bucket-allocator-granularity=16"
    "memorysetup-profiler-bucket-allocator-bucket-count=8"
    "memorysetup-profiler-bucket-allocator-block-size=33554432"
    "memorysetup-profiler-bucket-allocator-block-count=8"
    "memorysetup-profiler-allocator-block-size=16777216"
    "memorysetup-profiler-editor-allocator-block-size=1048576"
    "memorysetup-temp-allocator-size-main=16777216"
    "memorysetup-job-temp-allocator-block-size=2097152"
    "memorysetup-job-temp-allocator-block-size-background=1048576"
    "memorysetup-job-temp-allocator-reduction-small-platforms=262144"
    "memorysetup-temp-allocator-size-background-worker=32768"
    "memorysetup-temp-allocator-size-job-worker=262144"
    "memorysetup-temp-allocator-size-preload-manager=33554432"
    "memorysetup-temp-allocator-size-nav-mesh-worker=65536"
    "memorysetup-temp-allocator-size-audio-worker=65536"
    "memorysetup-temp-allocator-size-cloud-worker=32768"
    "memorysetup-temp-allocator-size-gi-baking-worker=262144"
    "memorysetup-temp-allocator-size-gfx=262144"
Player connection [12624] Host "[IP] 192.168.10.20 [Port] 0 [Flags] 2 [Guid] 1143797994 [EditorId] 1143797994 [Version] 1048832 [Id] WindowsEditor(7,DESKTOP-OJ5C90H) [Debug] 1 [PackageName] WindowsEditor [ProjectName] Editor" joined multi-casting on [225.0.0.222:54997]...

Player connection [12624] Host "[IP] 192.168.10.20 [Port] 0 [Flags] 2 [Guid] 1143797994 [EditorId] 1143797994 [Version] 1048832 [Id] WindowsEditor(7,DESKTOP-OJ5C90H) [Debug] 1 [PackageName] WindowsEditor [ProjectName] Editor" joined alternative multi-casting on [225.0.0.222:34997]...

Refreshing native plugins compatible for Editor in 132.38 ms, found 2 plugins.
Preloading 0 native plugins for Editor in 0.00 ms.
Initialize engine version: 2021.3.16f1 (4016570cf34f)
[Subsystems] Discovering subsystems at path C:/Program Files/Unity/Hub/Editor/2021.3.16f1/Editor/Data/Resources/UnitySubsystems
[Subsystems] Discovering subsystems at path D:/UnityProjects/_Github/FlatLand/FlatLand/Assets
GfxDevice: creating device client; threaded=0; jobified=0
Direct3D:
    Version:  Direct3D 11.0 [level 11.0]
    Renderer: NVIDIA Quadro K2000 (ID=0xffe)
    Vendor:   NVIDIA
    VRAM:     1990 MB
    Driver:   10.18.13.5330
Initialize mono
Mono path[0] = 'C:/Program Files/Unity/Hub/Editor/2021.3.16f1/Editor/Data/Managed'
Mono path[1] = 'C:/Program Files/Unity/Hub/Editor/2021.3.16f1/Editor/Data/MonoBleedingEdge/lib/mono/unityjit-win32'
Mono config path = 'C:/Program Files/Unity/Hub/Editor/2021.3.16f1/Editor/Data/MonoBleedingEdge/etc'
Using monoOptions --debugger-agent=transport=dt_socket,embedding=1,server=y,suspend=n,address=127.0.0.1:56336
Begin MonoManager ReloadAssembly
Registering precompiled unity dll's ...
Register platform support module: C:/Program Files/Unity/Hub/Editor/2021.3.16f1/Editor/Data/PlaybackEngines/WebGLSupport/UnityEditor.WebGL.Extensions.dll
Register platform support module: C:/Program Files/Unity/Hub/Editor/2021.3.16f1/Editor/Data/PlaybackEngines/AndroidPlayer/UnityEditor.Android.Extensions.dll
Register platform support module: C:/Program Files/Unity/Hub/Editor/2021.3.16f1/Editor/Data/PlaybackEngines/iOSSupport/UnityEditor.iOS.Extensions.dll
Register platform support module: C:/Program Files/Unity/Hub/Editor/2021.3.16f1/Editor/Data/PlaybackEngines/WindowsStandaloneSupport/UnityEditor.WindowsStandalone.Extensions.dll
Registered in 0.023677 seconds.
Native extension for WindowsStandalone target not found
Native extension for iOS target not found
Native extension for Android target not found
Native extension for WebGL target not found
Refreshing native plugins compatible for Editor in 132.56 ms, found 2 plugins.
Preloading 0 native plugins for Editor in 0.00 ms.
Mono: successfully reloaded assembly
- Completed reload, in  2.067 seconds
Domain Reload Profiling:
	ReloadAssembly (2068ms)
		BeginReloadAssembly (166ms)
			ExecutionOrderSort (0ms)
			DisableScriptedObjects (0ms)
			BackupInstance (0ms)
			ReleaseScriptingObjects (0ms)
			CreateAndSetChildDomain (2ms)
		EndReloadAssembly (1399ms)
			LoadAssemblies (163ms)
			RebuildTransferFunctionScriptingTraits (0ms)
			SetupTypeCache (551ms)
			ReleaseScriptCaches (0ms)
			RebuildScriptCaches (61ms)
			SetupLoadedEditorAssemblies (674ms)
				LogAssemblyErrors (0ms)
				InitializePlatformSupportModulesInManaged (206ms)
				SetLoadedEditorAssemblies (0ms)
				RefreshPlugins (133ms)
				BeforeProcessingInitializeOnLoad (3ms)
				ProcessInitializeOnLoadAttributes (218ms)
				ProcessInitializeOnLoadMethodAttributes (115ms)
				AfterProcessingInitializeOnLoad (0ms)
				EditorAssembliesLoaded (0ms)
			ExecutionOrderSort2 (0ms)
			AwakeInstancesAfterBackupRestoration (0ms)
Platform modules already initialized, skipping
Registering precompiled user dll's ...
Registered in 0.008682 seconds.
Begin MonoManager ReloadAssembly
Native extension for WindowsStandalone target not found
Native extension for iOS target not found
Native extension for Android target not found
Native extension for WebGL target not found
Refreshing native plugins compatible for Editor in 157.50 ms, found 2 plugins.
Preloading 0 native plugins for Editor in 0.00 ms.
Mono: successfully reloaded assembly
- Completed reload, in  3.583 seconds
Domain Reload Profiling:
	ReloadAssembly (3585ms)
		BeginReloadAssembly (397ms)
			ExecutionOrderSort (0ms)
			DisableScriptedObjects (16ms)
			BackupInstance (0ms)
			ReleaseScriptingObjects (0ms)
			CreateAndSetChildDomain (160ms)
		EndReloadAssembly (2881ms)
			LoadAssemblies (202ms)
			RebuildTransferFunctionScriptingTraits (0ms)
			SetupTypeCache (645ms)
			ReleaseScriptCaches (1ms)
			RebuildScriptCaches (150ms)
			SetupLoadedEditorAssemblies (1781ms)
				LogAssemblyErrors (0ms)
				InitializePlatformSupportModulesInManaged (60ms)
				SetLoadedEditorAssemblies (0ms)
				RefreshPlugins (158ms)
				BeforeProcessingInitializeOnLoad (256ms)
				ProcessInitializeOnLoadAttributes (1077ms)
				ProcessInitializeOnLoadMethodAttributes (206ms)
				AfterProcessingInitializeOnLoad (23ms)
				EditorAssembliesLoaded (1ms)
			ExecutionOrderSort2 (0ms)
			AwakeInstancesAfterBackupRestoration (13ms)
Platform modules already initialized, skipping
========================================================================
Worker process is ready to serve import requests
Launched and connected shader compiler UnityShaderCompiler.exe after 0.16 seconds
Refreshing native plugins compatible for Editor in 1.41 ms, found 2 plugins.
Preloading 0 native plugins for Editor in 0.00 ms.
Unloading 3910 Unused Serialized files (Serialized files now loaded: 0)
Unloading 45 unused Assets / (0.8 MB). Loaded Objects now: 4378.
Memory consumption went from 175.8 MB to 175.0 MB.
Total: 7.302100 ms (FindLiveObjects: 0.465000 ms CreateObjectMapping: 0.275000 ms MarkObjects: 6.029200 ms  DeleteObjects: 0.530600 ms)

AssetImportParameters requested are different than current active one (requested -> active):
  custom:video-decoder-ogg-theora: a1e56fd34408186e4bbccfd4996cb3dc -> 
  custom:container-muxer-webm: aa71ff27fc2769a1b78a27578f13a17b -> 
  custom:container-demuxer-webm: 4f35f7cbe854078d1ac9338744f61a02 -> 
  custom:video-encoder-webm-vp8: eb34c28f22e8b96e1ab97ce403110664 -> 
  custom:audio-encoder-webm-vorbis: bf7c407c2cedff20999df2af8eb42d56 -> 
  custom:framework-win-MediaFoundation: 216162199b28c13a410421893ffa2e32 -> 
  custom:container-demuxer-ogg: 62fdf1f143b41e24485cea50d1cbac27 -> 
  custom:video-decoder-webm-vp8: 9c59270c3fd7afecdb556c50c9e8de78 -> 
  custom:audio-decoder-ogg-vorbis: bf7c407c2cedff20999df2af8eb42d56 -> 
========================================================================
Received Import Request.
  Time since last request: 2251376.924491 seconds.
  path: Assets/Characters/Ezio_revelations_by_milance941
  artifactKey: Guid(878e25995fc5d1141a4c12667c43a754) Importer(815301076,1909f56bfc062723c751e8b465ee728b)
Start importing Assets/Characters/Ezio_revelations_by_milance941 using Guid(878e25995fc5d1141a4c12667c43a754) Importer(815301076,1909f56bfc062723c751e8b465ee728b)  -> (artifact id: 'c9c2a41599d3f349461d6d1c4504e863') in 0.046933 seconds 
========================================================================
Received Import Request.
  Time since last request: 0.019663 seconds.
  path: Assets/Characters/Ezio_revelations_by_milance941/bags_n.png
  artifactKey: Guid(d5542097eec317b4c951d19940209c75) Importer(815301076,1909f56bfc062723c751e8b465ee728b)
Start importing Assets/Characters/Ezio_revelations_by_milance941/bags_n.png using Guid(d5542097eec317b4c951d19940209c75) Importer(815301076,1909f56bfc062723c751e8b465ee728b)  -> (artifact id: '8c36837a7e018a0500987875e16ecc2b') in 0.232297 seconds 
========================================================================
Received Import Request.
  Time since last request: 0.000046 seconds.
  path: Assets/Characters/Ezio_revelations_by_milance941/skirt_d.dds
  artifactKey: Guid(a85f4733ecbc6114e92bbd23406610fb) Importer(815301076,1909f56bfc062723c751e8b465ee728b)
Start importing Assets/Characters/Ezio_revelations_by_milance941/skirt_d.dds using Guid(a85f4733ecbc6114e92bbd23406610fb) Importer(815301076,1909f56bfc062723c751e8b465ee728b)  -> (artifact id: '325b08cb0a04dc31a3509d58c24c5bce') in 0.038650 seconds 
========================================================================
Received Import Request.
  Time since last request: 0.000055 seconds.
  path: Assets/Characters/Ezio_revelations_by_milance941/boot_d.png
  artifactKey: Guid(4487c5c2be8c4d34ea824b4f65250fa1) Importer(815301076,1909f56bfc062723c751e8b465ee728b)
Start importing Assets/Characters/Ezio_revelations_by_milance941/boot_d.png using Guid(4487c5c2be8c4d34ea824b4f65250fa1) Importer(815301076,1909f56bfc062723c751e8b465ee728b)  -> (artifact id: '068ec645e71224643b87539de478d55e') in 0.024101 seconds 
========================================================================
Received Import Request.
  Time since last request: 0.000039 seconds.
  path: Assets/Characters/Ezio_revelations_by_milance941/bags_d.png
  artifactKey: Guid(9f6128895f1201643abe3b90c5c3c479) Importer(815301076,1909f56bfc062723c751e8b465ee728b)
Start importing Assets/Characters/Ezio_revelations_by_milance941/bags_d.png using Guid(9f6128895f1201643abe3b90c5c3c479) Importer(815301076,1909f56bfc062723c751e8b465ee728b)  -> (artifact id: '79a8790f1df2d7ed6869ee343d1686c6') in 0.020740 seconds 
========================================================================
Received Import Request.
  Time since last request: 0.000039 seconds.
  path: Assets/Characters/Ezio_revelations_by_milance941/bracelet_n.png
  artifactKey: Guid(1a33c4fbf4976964784d23335479130a) Importer(815301076,1909f56bfc062723c751e8b465ee728b)
Start importing Assets/Characters/Ezio_revelations_by_milance941/bracelet_n.png using Guid(1a33c4fbf4976964784d23335479130a) Importer(815301076,1909f56bfc062723c751e8b465ee728b)  -> (artifact id: 'c685cedaf207c2991f4088d19e8c3130') in 0.021696 seconds 
========================================================================
Received Import Request.
  Time since last request: 0.000046 seconds.
  path: Assets/Characters/Ezio_revelations_by_milance941/shoulder_d.png
  artifactKey: Guid(ed35bbc477557ab48ad60e3aa85598b0) Importer(815301076,1909f56bfc062723c751e8b465ee728b)
Start importing Assets/Characters/Ezio_revelations_by_milance941/shoulder_d.png using Guid(ed35bbc477557ab48ad60e3aa85598b0) Importer(815301076,1909f56bfc062723c751e8b465ee728b)  -> (artifact id: '9fa3c9cf8546eb90b4c7db5a28e1327f') in 0.022095 seconds 
========================================================================
Received Import Request.
  Time since last request: 0.000037 seconds.
  path: Assets/Characters/Ezio_revelations_by_milance941/belts_d.png
  artifactKey: Guid(925275bfdb648f2418b963967c1b495c) Importer(815301076,1909f56bfc062723c751e8b465ee728b)
Start importing Assets/Characters/Ezio_revelations_by_milance941/belts_d.png using Guid(925275bfdb648f2418b963967c1b495c) Importer(815301076,1909f56bfc062723c751e8b465ee728b)  -> (artifact id: 'a547a4fc16f94f806a90a3ad817cd059') in 0.024029 seconds 
========================================================================
Received Import Request.
  Time since last request: 0.000038 seconds.
  path: Assets/Characters/Ezio_revelations_by_milance941/eyelashes.png
  artifactKey: Guid(22bd646643e25f245bd20ad9a3ec00f2) Importer(815301076,1909f56bfc062723c751e8b465ee728b)
Start importing Assets/Characters/Ezio_revelations_by_milance941/eyelashes.png using Guid(22bd646643e25f245bd20ad9a3ec00f2) Importer(815301076,1909f56bfc062723c751e8b465ee728b)  -> (artifact id: 'e9746d223845a50ddb7a59794f008e49') in 0.021000 seconds 
========================================================================
Received Import Request.
  Time since last request: 0.000049 seconds.
  path: Assets/Characters/Ezio_revelations_by_milance941/hands_d.png
  artifactKey: Guid(2f0bc4087432b6b42a0b075ab932d41a) Importer(815301076,1909f56bfc062723c751e8b465ee728b)
Start importing Assets/Characters/Ezio_revelations_by_milance941/hands_d.png using Guid(2f0bc4087432b6b42a0b075ab932d41a) Importer(815301076,1909f56bfc062723c751e8b465ee728b)  -> (artifact id: '94e43a567f7dae95ac84ca8977843a19') in 0.021234 seconds 
========================================================================
Received Import Request.
  Time since last request: 0.000048 seconds.
  path: Assets/Characters/Ezio_revelations_by_milance941/mouth_lightmap.png
  artifactKey: Guid(4d12b73eefab83e46aaa4694bb21107c) Importer(815301076,1909f56bfc062723c751e8b465ee728b)
Start importing Assets/Characters/Ezio_revelations_by_milance941/mouth_lightmap.png using Guid(4d12b73eefab83e46aaa4694bb21107c) Importer(815301076,1909f56bfc062723c751e8b465ee728b)  -> (artifact id: '4aebfa3633fd84ec59a24000161213de') in 0.021054 seconds 
========================================================================
Received Import Request.
  Time since last request: 0.000054 seconds.
  path: Assets/Characters/Ezio_revelations_by_milance941/face_n.png
  artifactKey: Guid(4eb260026bde92941b3453401f22431c) Importer(815301076,1909f56bfc062723c751e8b465ee728b)
Start importing Assets/Characters/Ezio_revelations_by_milance941/face_n.png using Guid(4eb260026bde92941b3453401f22431c) Importer(815301076,1909f56bfc062723c751e8b465ee728b)  -> (artifact id: '55fb82b2b438d0b034bfa0190bf4f250') in 0.023946 seconds 
========================================================================
Received Import Request.
  Time since last request: 95.015904 seconds.
  path: Assets/Characters/Ezio_revelations_by_milance941/readme.txt
  artifactKey: Guid(80fffbf64cfff9d4c9347d4ddd0a4581) Importer(815301076,1909f56bfc062723c751e8b465ee728b)
Start importing Assets/Characters/Ezio_revelations_by_milance941/readme.txt using Guid(80fffbf64cfff9d4c9347d4ddd0a4581) Importer(815301076,1909f56bfc062723c751e8b465ee728b)  -> (artifact id: '0204735b8d9c5ec0ecf84d0e7de17604') in 0.024376 seconds 
========================================================================
Received Import Request.
  Time since last request: 516.994084 seconds.
  path: Assets/Characters/Ezio_revelations_by_milance941/Generic_item.mesh.ascii
  artifactKey: Guid(882df934653e1c24eb9ef6ed4e20a7d8) Importer(815301076,1909f56bfc062723c751e8b465ee728b)
Start importing Assets/Characters/Ezio_revelations_by_milance941/Generic_item.mesh.ascii using Guid(882df934653e1c24eb9ef6ed4e20a7d8) Importer(815301076,1909f56bfc062723c751e8b465ee728b)  -> (artifact id: 'c87d9db21cd51f05fbba207919c0f6bd') in 0.032869 seconds 
========================================================================
Received Import Request.
  Time since last request: 3.335446 seconds.
  path: Assets/Characters/Ezio_revelations_by_milance941/Ezio render.pose
  artifactKey: Guid(1d7c119a0e88fc04daa11b0ec21dceb4) Importer(815301076,1909f56bfc062723c751e8b465ee728b)
Start importing Assets/Characters/Ezio_revelations_by_milance941/Ezio render.pose using Guid(1d7c119a0e88fc04daa11b0ec21dceb4) Importer(815301076,1909f56bfc062723c751e8b465ee728b)  -> (artifact id: 'a9d52e32f67b07d73962affda688a87a') in 0.017605 seconds 
========================================================================
Received Import Request.
  Time since last request: 1629.713827 seconds.
  path: Assets/Characters/Ezio
  artifactKey: Guid(20002ae0ca8ffdf44968c95c20528972) Importer(815301076,1909f56bfc062723c751e8b465ee728b)
Start importing Assets/Characters/Ezio using Guid(20002ae0ca8ffdf44968c95c20528972) Importer(815301076,1909f56bfc062723c751e8b465ee728b)  -> (artifact id: 'b2c3cd02d70e6fb305a010ddee129c16') in 0.015204 seconds 
========================================================================
Received Import Request.
  Time since last request: 0.117153 seconds.
  path: Assets/Characters/Ezio/bags_d.png
  artifactKey: Guid(1ac9684fcb8e5fd47905fdf088ccfba9) Importer(815301076,1909f56bfc062723c751e8b465ee728b)
Start importing Assets/Characters/Ezio/bags_d.png using Guid(1ac9684fcb8e5fd47905fdf088ccfba9) Importer(815301076,1909f56bfc062723c751e8b465ee728b)  -> (artifact id: '377ae862560e1f116dd161ab8908a51d') in 0.037318 seconds 
========================================================================
Received Import Request.
  Time since last request: 0.000045 seconds.
  path: Assets/Characters/Ezio/eyelashes.png
  artifactKey: Guid(5666b0c85b85d324c8ec4ea2921c6b0e) Importer(815301076,1909f56bfc062723c751e8b465ee728b)
Start importing Assets/Characters/Ezio/eyelashes.png using Guid(5666b0c85b85d324c8ec4ea2921c6b0e) Importer(815301076,1909f56bfc062723c751e8b465ee728b)  -> (artifact id: '27eb6bb5e57d578b9c892d6e4e36ef34') in 0.011411 seconds 
========================================================================
Received Import Request.
  Time since last request: 0.000035 seconds.
  path: Assets/Characters/Ezio/belts_n.png
  artifactKey: Guid(06a65355a31f1df4ab1f6e4ed2025e82) Importer(815301076,1909f56bfc062723c751e8b465ee728b)
Start importing Assets/Characters/Ezio/belts_n.png using Guid(06a65355a31f1df4ab1f6e4ed2025e82) Importer(815301076,1909f56bfc062723c751e8b465ee728b)  -> (artifact id: '677a12ee2831751653ef2dd2a3b9f5a6') in 0.023402 seconds 
========================================================================
Received Import Request.
  Time since last request: 0.000044 seconds.
  path: Assets/Characters/Ezio/shoulder_d.png
  artifactKey: Guid(691d944805f0a8140b22ce31390a3dec) Importer(815301076,1909f56bfc062723c751e8b465ee728b)
Start importing Assets/Characters/Ezio/shoulder_d.png using Guid(691d944805f0a8140b22ce31390a3dec) Importer(815301076,1909f56bfc062723c751e8b465ee728b)  -> (artifact id: '0ddea09f7814cfa2e6c6b00b60818f6c') in 0.020229 seconds 
========================================================================
Received Import Request.
  Time since last request: 0.000029 seconds.
  path: Assets/Characters/Ezio/shoulder_n.png
  artifactKey: Guid(1082b2e808ccb4843a1aae8be05cbc7a) Importer(815301076,1909f56bfc062723c751e8b465ee728b)
Start importing Assets/Characters/Ezio/shoulder_n.png using Guid(1082b2e808ccb4843a1aae8be05cbc7a) Importer(815301076,1909f56bfc062723c751e8b465ee728b)  -> (artifact id: 'df635d3cdd0ce61dac6605c12a2372f6') in 0.021946 seconds 
========================================================================
Received Import Request.
  Time since last request: 0.000043 seconds.
  path: Assets/Characters/Ezio/eyes_d.png
  artifactKey: Guid(8c5ae9161116c1a49a32bde68555566e) Importer(815301076,1909f56bfc062723c751e8b465ee728b)
Start importing Assets/Characters/Ezio/eyes_d.png using Guid(8c5ae9161116c1a49a32bde68555566e) Importer(815301076,1909f56bfc062723c751e8b465ee728b)  -> (artifact id: '1cfc7ff5c931c80c887288cd72e95753') in 0.018529 seconds 
========================================================================
Received Import Request.
  Time since last request: 0.000046 seconds.
  path: Assets/Characters/Ezio/face_n.png
  artifactKey: Guid(4645f6d5070429a49bd82769f529f4ea) Importer(815301076,1909f56bfc062723c751e8b465ee728b)
Start importing Assets/Characters/Ezio/face_n.png using Guid(4645f6d5070429a49bd82769f529f4ea) Importer(815301076,1909f56bfc062723c751e8b465ee728b)  -> (artifact id: 'f4ab549903274ef37a73286ce11153f4') in 0.020280 seconds 
========================================================================
Received Import Request.
  Time since last request: 0.000042 seconds.
  path: Assets/Characters/Ezio/bracelet_d.png
  artifactKey: Guid(39d1fde9a85ba9e4c91f91867202e050) Importer(815301076,1909f56bfc062723c751e8b465ee728b)
Start importing Assets/Characters/Ezio/bracelet_d.png using Guid(39d1fde9a85ba9e4c91f91867202e050) Importer(815301076,1909f56bfc062723c751e8b465ee728b)  -> (artifact id: '23556b36369b8c6cb6a01a4d4869b51a') in 0.023444 seconds 
========================================================================
Received Import Request.
  Time since last request: 0.000034 seconds.
  path: Assets/Characters/Ezio/body_d.png
  artifactKey: Guid(020ee21fc2c7aa245bc68b434f758cae) Importer(815301076,1909f56bfc062723c751e8b465ee728b)
Start importing Assets/Characters/Ezio/body_d.png using Guid(020ee21fc2c7aa245bc68b434f758cae) Importer(815301076,1909f56bfc062723c751e8b465ee728b)  -> (artifact id: '1ee354f477b0215772b18f85229b5b4f') in 0.027425 seconds 
========================================================================
Received Import Request.
  Time since last request: 0.000041 seconds.
  path: Assets/Characters/Ezio/body_n.png
  artifactKey: Guid(ca52457a7c33b2c42904fb1065d7be2e) Importer(815301076,1909f56bfc062723c751e8b465ee728b)
Start importing Assets/Characters/Ezio/body_n.png using Guid(ca52457a7c33b2c42904fb1065d7be2e) Importer(815301076,1909f56bfc062723c751e8b465ee728b)  -> (artifact id: '302c723e6ab903a10bc5aa6bd4deb4e8') in 0.021005 seconds 
========================================================================
Received Import Request.
  Time since last request: 0.000043 seconds.
  path: Assets/Characters/Ezio/mouth_bump.png
  artifactKey: Guid(8fe87518186f58842bdf44a91f6e9c88) Importer(815301076,1909f56bfc062723c751e8b465ee728b)
Start importing Assets/Characters/Ezio/mouth_bump.png using Guid(8fe87518186f58842bdf44a91f6e9c88) Importer(815301076,1909f56bfc062723c751e8b465ee728b)  -> (artifact id: '1013a2f5154a9e3d87d82839f7409322') in 0.020645 seconds 
========================================================================
Received Import Request.
  Time since last request: 0.000048 seconds.
  path: Assets/Characters/Ezio/Ezio.obj
  artifactKey: Guid(d94fca826826e28488225807baf98ae4) Importer(815301076,1909f56bfc062723c751e8b465ee728b)
Start importing Assets/Characters/Ezio/Ezio.obj using Guid(d94fca826826e28488225807baf98ae4) Importer(815301076,1909f56bfc062723c751e8b465ee728b)  -> (artifact id: '72f3bf4532f3a09982338efb67216d40') in 0.572737 seconds 
========================================================================
Received Import Request.
  Time since last request: 9.140858 seconds.
  path: Assets/Characters/Ezio/Ezio.mtl
  artifactKey: Guid(6aaaf20e01c5c2c4786b6d79d3a9538a) Importer(815301076,1909f56bfc062723c751e8b465ee728b)
Start importing Assets/Characters/Ezio/Ezio.mtl using Guid(6aaaf20e01c5c2c4786b6d79d3a9538a) Importer(815301076,1909f56bfc062723c751e8b465ee728b)  -> (artifact id: '660a7f369e164adab351f620148a4e70') in 0.010520 seconds 
========================================================================
Received Import Request.
  Time since last request: 243.606995 seconds.
  path: Assets/Characters/Ezio/Ezio2.obj
  artifactKey: Guid(f54d82084d1158f4e891a5eafe21d6be) Importer(815301076,1909f56bfc062723c751e8b465ee728b)
Start importing Assets/Characters/Ezio/Ezio2.obj using Guid(f54d82084d1158f4e891a5eafe21d6be) Importer(815301076,1909f56bfc062723c751e8b465ee728b)  -> (artifact id: '4fe5fbd119de990aa3f1d349eea336b1') in 0.373881 seconds 
========================================================================
Received Import Request.
  Time since last request: 7.220179 seconds.
  path: Assets/Characters/Ezio/Ezio2.mtl
  artifactKey: Guid(b2d2de467d506604eba2a0a8ffd34304) Importer(815301076,1909f56bfc062723c751e8b465ee728b)
Start importing Assets/Characters/Ezio/Ezio2.mtl using Guid(b2d2de467d506604eba2a0a8ffd34304) Importer(815301076,1909f56bfc062723c751e8b465ee728b)  -> (artifact id: 'c2c971bc397d8f7c315554a1e0927793') in 0.004351 seconds 
========================================================================
Received Import Request.
  Time since last request: 84.063894 seconds.
  path: Assets/Characters/Ezio/Ezio.obj
  artifactKey: Guid(d94fca826826e28488225807baf98ae4) Importer(815301076,1909f56bfc062723c751e8b465ee728b)
Start importing Assets/Characters/Ezio/Ezio.obj using Guid(d94fca826826e28488225807baf98ae4) Importer(815301076,1909f56bfc062723c751e8b465ee728b)  -> (artifact id: '8f0d459f46b68c989a56d02966b4c691') in 0.405298 seconds 
========================================================================
Received Import Request.
  Time since last request: 35.980341 seconds.
  path: Assets/StarterAssets/ThirdPersonController/Character/Models/Armature.fbx
  artifactKey: Guid(36078ab0369161e49a29d349ae3e0739) Importer(815301076,1909f56bfc062723c751e8b465ee728b)
Start importing Assets/StarterAssets/ThirdPersonController/Character/Models/Armature.fbx using Guid(36078ab0369161e49a29d349ae3e0739) Importer(815301076,1909f56bfc062723c751e8b465ee728b)  -> (artifact id: 'b01b25574f17285202000a8ebbc25b84') in 0.086293 seconds 
========================================================================
Received Import Request.
  Time since last request: 21.751497 seconds.
  path: Assets/StarterAssets/ThirdPersonController/Character/Models/ArmatureAvatar.asset
  artifactKey: Guid(3b39aa84f2157684bbcf321ad5844a4e) Importer(815301076,1909f56bfc062723c751e8b465ee728b)
Start importing Assets/StarterAssets/ThirdPersonController/Character/Models/ArmatureAvatar.asset using Guid(3b39aa84f2157684bbcf321ad5844a4e) Importer(815301076,1909f56bfc062723c751e8b465ee728b)  -> (artifact id: '998e143cc768a7a0a5362ddedc09167d') in 0.025590 seconds 
========================================================================
Received Import Request.
  Time since last request: 115.345434 seconds.
  path: Assets/Characters/Ezio/Ezio.obj
  artifactKey: Guid(d94fca826826e28488225807baf98ae4) Importer(815301076,1909f56bfc062723c751e8b465ee728b)
Start importing Assets/Characters/Ezio/Ezio.obj using Guid(d94fca826826e28488225807baf98ae4) Importer(815301076,1909f56bfc062723c751e8b465ee728b)  -> (artifact id: '1ba208b10ea1d793a7425502c877810b') in 0.396245 seconds 
========================================================================
Received Import Request.
  Time since last request: 547.546388 seconds.
  path: Assets/Materials/Brick Wall/BrickWall_Occlusion.tga
  artifactKey: Guid(a5c2f8e7e0344284ba23151766868646) Importer(815301076,1909f56bfc062723c751e8b465ee728b)
Start importing Assets/Materials/Brick Wall/BrickWall_Occlusion.tga using Guid(a5c2f8e7e0344284ba23151766868646) Importer(815301076,1909f56bfc062723c751e8b465ee728b)  -> (artifact id: '77a860781197608d7cd5d0132522c610') in 0.124981 seconds 
========================================================================
Received Import Request.
  Time since last request: 8.650953 seconds.
  path: Assets/ASTROFISH_GAMES/MEDIEVAL_SERIES/MEDIEVAL_WELLS_PROPS/MODELS/MVillage_WellWall_02_Curved.FBX
  artifactKey: Guid(f0c49c31a30fb594bb4194d1a93d7963) Importer(815301076,1909f56bfc062723c751e8b465ee728b)
Start importing Assets/ASTROFISH_GAMES/MEDIEVAL_SERIES/MEDIEVAL_WELLS_PROPS/MODELS/MVillage_WellWall_02_Curved.FBX using Guid(f0c49c31a30fb594bb4194d1a93d7963) Importer(815301076,1909f56bfc062723c751e8b465ee728b)  -> (artifact id: 'a15045da34559b957a7aa6a819436324') in 0.154416 seconds 
========================================================================
Received Import Request.
  Time since last request: 0.703914 seconds.
  path: Assets/ASTROFISH_GAMES/MEDIEVAL_SERIES/MEDIEVAL_WELLS_PROPS/MODELS/MVillage_PlatformStone_QuaterCircle.FBX
  artifactKey: Guid(2022892c7adbf7444900bb21732dea65) Importer(815301076,1909f56bfc062723c751e8b465ee728b)
Start importing Assets/ASTROFISH_GAMES/MEDIEVAL_SERIES/MEDIEVAL_WELLS_PROPS/MODELS/MVillage_PlatformStone_QuaterCircle.FBX using Guid(2022892c7adbf7444900bb21732dea65) Importer(815301076,1909f56bfc062723c751e8b465ee728b)  -> (artifact id: '3ca2a5a5db377f152f5b704903ca9255') in 0.094766 seconds 
========================================================================
Received Import Request.
  Time since last request: 6.984741 seconds.
  path: Assets/StarterAssets/ThirdPersonController/Character/Textures/Armature_Arms_AlbedoTransparency.tif
  artifactKey: Guid(c6dc62700fa06274b9608a9fce8ed21b) Importer(815301076,1909f56bfc062723c751e8b465ee728b)
Start importing Assets/StarterAssets/ThirdPersonController/Character/Textures/Armature_Arms_AlbedoTransparency.tif using Guid(c6dc62700fa06274b9608a9fce8ed21b) Importer(815301076,1909f56bfc062723c751e8b465ee728b)  -> (artifact id: '750d605b3031b395462fd4f364ae0f8e') in 0.048678 seconds 
========================================================================
Received Import Request.
  Time since last request: 0.000034 seconds.
  path: Assets/StarterAssets/Environment/Prefabs/Box_350x250x200_Prefab.prefab
  artifactKey: Guid(7b846d8f536f007498c941069487ce81) Importer(815301076,1909f56bfc062723c751e8b465ee728b)
Start importing Assets/StarterAssets/Environment/Prefabs/Box_350x250x200_Prefab.prefab using Guid(7b846d8f536f007498c941069487ce81) Importer(815301076,1909f56bfc062723c751e8b465ee728b)  -> (artifact id: '695a31a4326fa1a034747f669fe848d4') in 0.101041 seconds 
========================================================================
Received Import Request.
  Time since last request: 0.000040 seconds.
  path: Assets/StarterAssets/Environment/Art/Textures/Grid_01_BaseMap.png
  artifactKey: Guid(d1118dda59970a2449ee890fa247c4c5) Importer(815301076,1909f56bfc062723c751e8b465ee728b)
Start importing Assets/StarterAssets/Environment/Art/Textures/Grid_01_BaseMap.png using Guid(d1118dda59970a2449ee890fa247c4c5) Importer(815301076,1909f56bfc062723c751e8b465ee728b)  -> (artifact id: '5ac5e65f248b822b128b03d711a815bd') in 0.035776 seconds 
========================================================================
Received Import Request.
  Time since last request: 0.000059 seconds.
  path: Assets/StarterAssets/Environment/Prefabs/Box_350x250x300_Prefab.prefab
  artifactKey: Guid(687dbafc2b84b2846b9a4a7a7dae2a7e) Importer(815301076,1909f56bfc062723c751e8b465ee728b)
Start importing Assets/StarterAssets/Environment/Prefabs/Box_350x250x300_Prefab.prefab using Guid(687dbafc2b84b2846b9a4a7a7dae2a7e) Importer(815301076,1909f56bfc062723c751e8b465ee728b)  -> (artifact id: '1e0480269e58c5f7345232e8295167d2') in 0.035574 seconds 
========================================================================
Received Import Request.
  Time since last request: 0.000035 seconds.
  path: Assets/StarterAssets/Environment/Prefabs/Box_100x100x100_Prefab.prefab
  artifactKey: Guid(e5f4daf24146ee040b5a2d7a73b30aa0) Importer(815301076,1909f56bfc062723c751e8b465ee728b)
Start importing Assets/StarterAssets/Environment/Prefabs/Box_100x100x100_Prefab.prefab using Guid(e5f4daf24146ee040b5a2d7a73b30aa0) Importer(815301076,1909f56bfc062723c751e8b465ee728b)  -> (artifact id: '8df9df913da23b6c9e0c7329fccb7923') in 0.035834 seconds 
========================================================================
Received Import Request.
  Time since last request: 0.000047 seconds.
  path: Assets/StarterAssets/ThirdPersonController/Character/Textures/Armature_Legs_AlbedoTransparency.tif
  artifactKey: Guid(c444e3d02d2fcff4d9fe5211d67652a0) Importer(815301076,1909f56bfc062723c751e8b465ee728b)
Start importing Assets/StarterAssets/ThirdPersonController/Character/Textures/Armature_Legs_AlbedoTransparency.tif using Guid(c444e3d02d2fcff4d9fe5211d67652a0) Importer(815301076,1909f56bfc062723c751e8b465ee728b)  -> (artifact id: '4f15e1c61b65a56e7147f8989595515a') in 0.028890 seconds 
========================================================================
Received Import Request.
  Time since last request: 1.533227 seconds.
  path: Assets/ASTROFISH_GAMES/MEDIEVAL_SERIES/MEDIEVAL_WELLS_PROPS/PREFABS/Consolidated/MVillage_JarCups_Set_01.prefab
  artifactKey: Guid(3db370a0cf51d3b4486736fb665325a6) Importer(815301076,1909f56bfc062723c751e8b465ee728b)
Start importing Assets/ASTROFISH_GAMES/MEDIEVAL_SERIES/MEDIEVAL_WELLS_PROPS/PREFABS/Consolidated/MVillage_JarCups_Set_01.prefab using Guid(3db370a0cf51d3b4486736fb665325a6) Importer(815301076,1909f56bfc062723c751e8b465ee728b)  -> (artifact id: '3985e01a30c9a283eb5ec7699fd8492c') in 0.261661 seconds 
========================================================================
Received Import Request.
  Time since last request: 0.000047 seconds.
  path: Assets/ASTROFISH_GAMES/MEDIEVAL_SERIES/MEDIEVAL_WELLS_PROPS/MODELS/MVillage_TreeTrunk_05.FBX
  artifactKey: Guid(557d9b4b5e6ccb249a7268b76029214a) Importer(815301076,1909f56bfc062723c751e8b465ee728b)
Start importing Assets/ASTROFISH_GAMES/MEDIEVAL_SERIES/MEDIEVAL_WELLS_PROPS/MODELS/MVillage_TreeTrunk_05.FBX using Guid(557d9b4b5e6ccb249a7268b76029214a) Importer(815301076,1909f56bfc062723c751e8b465ee728b)  -> (artifact id: '686988e60c6682b77af1051a2d307391') in 0.089858 seconds 
========================================================================
Received Import Request.
  Time since last request: 0.000071 seconds.
  path: Assets/ASTROFISH_GAMES/MEDIEVAL_SERIES/MEDIEVAL_WELLS_PROPS/PREFABS/Consolidated/MVillage_Well03_Props.prefab
  artifactKey: Guid(29751d957b5110c4b986d987ec3f7c67) Importer(815301076,1909f56bfc062723c751e8b465ee728b)
Start importing Assets/ASTROFISH_GAMES/MEDIEVAL_SERIES/MEDIEVAL_WELLS_PROPS/PREFABS/Consolidated/MVillage_Well03_Props.prefab using Guid(29751d957b5110c4b986d987ec3f7c67) Importer(815301076,1909f56bfc062723c751e8b465ee728b)  -> (artifact id: '0b2e46000103bf9c5015869a34b9d669') in 0.225666 seconds 
========================================================================
Received Import Request.
  Time since last request: 0.000039 seconds.
  path: Assets/ASTROFISH_GAMES/MEDIEVAL_SERIES/MEDIEVAL_WELLS_PROPS/MODELS/MVillage_Shovel.FBX
  artifactKey: Guid(ccc52c5287918014cbd8af5fec28a0d0) Importer(815301076,1909f56bfc062723c751e8b465ee728b)
Start importing Assets/ASTROFISH_GAMES/MEDIEVAL_SERIES/MEDIEVAL_WELLS_PROPS/MODELS/MVillage_Shovel.FBX using Guid(ccc52c5287918014cbd8af5fec28a0d0) Importer(815301076,1909f56bfc062723c751e8b465ee728b)  -> (artifact id: 'e251b581a8c18208f588aa83a42f7d14') in 0.059927 seconds 
========================================================================
Received Import Request.
  Time since last request: 0.000053 seconds.
  path: Assets/ASTROFISH_GAMES/MEDIEVAL_SERIES/MEDIEVAL_WELLS_PROPS/MODELS/MVillage_PlatformStone_Part_Sml.FBX
  artifactKey: Guid(3a44e3ab89b98fb409c3f3c587358b91) Importer(815301076,1909f56bfc062723c751e8b465ee728b)
Start importing Assets/ASTROFISH_GAMES/MEDIEVAL_SERIES/MEDIEVAL_WELLS_PROPS/MODELS/MVillage_PlatformStone_Part_Sml.FBX using Guid(3a44e3ab89b98fb409c3f3c587358b91) Importer(815301076,1909f56bfc062723c751e8b465ee728b)  -> (artifact id: '0c381ff76fe3c9dde76803f2cecfca44') in 0.065042 seconds 
========================================================================
Received Import Request.
  Time since last request: 0.000033 seconds.
  path: Assets/ASTROFISH_GAMES/MEDIEVAL_SERIES/MEDIEVAL_WELLS_PROPS/MODELS/MVillage_CoinGround_Lrg.FBX
  artifactKey: Guid(1dd2ad8bb44a5614ea368345dead4bf8) Importer(815301076,1909f56bfc062723c751e8b465ee728b)
Start importing Assets/ASTROFISH_GAMES/MEDIEVAL_SERIES/MEDIEVAL_WELLS_PROPS/MODELS/MVillage_CoinGround_Lrg.FBX using Guid(1dd2ad8bb44a5614ea368345dead4bf8) Importer(815301076,1909f56bfc062723c751e8b465ee728b)  -> (artifact id: '2b6c68e067cbc663bf3a012a4c482047') in 0.070421 seconds 
========================================================================
Received Import Request.
  Time since last request: 0.000031 seconds.
  path: Assets/ASTROFISH_GAMES/MEDIEVAL_SERIES/MEDIEVAL_WELLS_PROPS/MODELS/MVillage_DriftWood_Axel.FBX
  artifactKey: Guid(8c7dd25282284e74294caea7a4a72a26) Importer(815301076,1909f56bfc062723c751e8b465ee728b)
Start importing Assets/ASTROFISH_GAMES/MEDIEVAL_SERIES/MEDIEVAL_WELLS_PROPS/MODELS/MVillage_DriftWood_Axel.FBX using Guid(8c7dd25282284e74294caea7a4a72a26) Importer(815301076,1909f56bfc062723c751e8b465ee728b)  -> (artifact id: 'c161f527a75b216eab9e5240b0435ea9') in 0.072179 seconds 
========================================================================
Received Import Request.
  Time since last request: 0.000039 seconds.
  path: Assets/ASTROFISH_GAMES/MEDIEVAL_SERIES/MEDIEVAL_WELLS_PROPS/MATS/ASTROFISH/MVillage_Wells&Props_AFG.png
  artifactKey: Guid(5f9dfbcb19bb669448ff40fbe771b82d) Importer(815301076,1909f56bfc062723c751e8b465ee728b)
Start importing Assets/ASTROFISH_GAMES/MEDIEVAL_SERIES/MEDIEVAL_WELLS_PROPS/MATS/ASTROFISH/MVillage_Wells&Props_AFG.png using Guid(5f9dfbcb19bb669448ff40fbe771b82d) Importer(815301076,1909f56bfc062723c751e8b465ee728b)  -> (artifact id: 'a6ee03e47e44ab5a5a8f7c22ab3a40dc') in 0.101842 seconds 
========================================================================
Received Import Request.
  Time since last request: 0.000058 seconds.
  path: Assets/ASTROFISH_GAMES/MEDIEVAL_SERIES/MEDIEVAL_WELLS_PROPS/MODELS/MVillage_SoilBorder_Lrg.FBX
  artifactKey: Guid(be0a75d1d8b5387469700671b5156311) Importer(815301076,1909f56bfc062723c751e8b465ee728b)
Start importing Assets/ASTROFISH_GAMES/MEDIEVAL_SERIES/MEDIEVAL_WELLS_PROPS/MODELS/MVillage_SoilBorder_Lrg.FBX using Guid(be0a75d1d8b5387469700671b5156311) Importer(815301076,1909f56bfc062723c751e8b465ee728b)  -> (artifact id: '3d70469d15bbc099d05c390eff73f394') in 0.059088 seconds 
========================================================================
Received Import Request.
  Time since last request: 0.000033 seconds.
  path: Assets/ASTROFISH_GAMES/MEDIEVAL_SERIES/MEDIEVAL_WELLS_PROPS/MODELS/MVillage_TreeTrunk_04.FBX
  artifactKey: Guid(6375ae24a5f26f84fbae03127101bb53) Importer(815301076,1909f56bfc062723c751e8b465ee728b)
Start importing Assets/ASTROFISH_GAMES/MEDIEVAL_SERIES/MEDIEVAL_WELLS_PROPS/MODELS/MVillage_TreeTrunk_04.FBX using Guid(6375ae24a5f26f84fbae03127101bb53) Importer(815301076,1909f56bfc062723c751e8b465ee728b)  -> (artifact id: '44fcdd8aa2e04a6192b079861eb99568') in 0.077278 seconds 
========================================================================
Received Import Request.
  Time since last request: 0.000034 seconds.
  path: Assets/ASTROFISH_GAMES/MEDIEVAL_SERIES/MEDIEVAL_WELLS_PROPS/MODELS/MVillage_Well_02.FBX
  artifactKey: Guid(930c5946b00481e4991481d9852503b2) Importer(815301076,1909f56bfc062723c751e8b465ee728b)
Start importing Assets/ASTROFISH_GAMES/MEDIEVAL_SERIES/MEDIEVAL_WELLS_PROPS/MODELS/MVillage_Well_02.FBX using Guid(930c5946b00481e4991481d9852503b2) Importer(815301076,1909f56bfc062723c751e8b465ee728b)  -> (artifact id: '9b7167adb77cc08ecf9b794ccb0e81bf') in 0.074292 seconds 
========================================================================
Received Import Request.
  Time since last request: 0.000036 seconds.
  path: Assets/ASTROFISH_GAMES/MEDIEVAL_SERIES/MEDIEVAL_WELLS_PROPS/MODELS/MVillage_Driftwood_Sml.FBX
  artifactKey: Guid(42b795e3b9714d24783e667fac4747bc) Importer(815301076,1909f56bfc062723c751e8b465ee728b)
Start importing Assets/ASTROFISH_GAMES/MEDIEVAL_SERIES/MEDIEVAL_WELLS_PROPS/MODELS/MVillage_Driftwood_Sml.FBX using Guid(42b795e3b9714d24783e667fac4747bc) Importer(815301076,1909f56bfc062723c751e8b465ee728b)  -> (artifact id: '2c908c16c4f088861bc0d5f166fd77c5') in 0.057163 seconds 
========================================================================
Received Import Request.
  Time since last request: 0.000055 seconds.
  path: Assets/ASTROFISH_GAMES/MEDIEVAL_SERIES/MEDIEVAL_WELLS_PROPS/MODELS/MVillage_Driftwood_Med.FBX
  artifactKey: Guid(5b59f1b06adfda34dbf9a7a37ed8bad1) Importer(815301076,1909f56bfc062723c751e8b465ee728b)
Start importing Assets/ASTROFISH_GAMES/MEDIEVAL_SERIES/MEDIEVAL_WELLS_PROPS/MODELS/MVillage_Driftwood_Med.FBX using Guid(5b59f1b06adfda34dbf9a7a37ed8bad1) Importer(815301076,1909f56bfc062723c751e8b465ee728b)  -> (artifact id: '382a5351cd2c52af628801e3f03929bd') in 0.066471 seconds 
========================================================================
Received Import Request.
  Time since last request: 0.000035 seconds.
  path: Assets/ASTROFISH_GAMES/MEDIEVAL_SERIES/MEDIEVAL_WELLS_PROPS/MODELS/MVillage_SoilBorder_Med_Part.FBX
  artifactKey: Guid(ecfaa3a4ee802d4448aa332c80ddf027) Importer(815301076,1909f56bfc062723c751e8b465ee728b)
Start importing Assets/ASTROFISH_GAMES/MEDIEVAL_SERIES/MEDIEVAL_WELLS_PROPS/MODELS/MVillage_SoilBorder_Med_Part.FBX using Guid(ecfaa3a4ee802d4448aa332c80ddf027) Importer(815301076,1909f56bfc062723c751e8b465ee728b)  -> (artifact id: 'a0b5d8726f9a3ec3fe0c4fe266edc76e') in 0.063590 seconds 
========================================================================
Received Import Request.
  Time since last request: 0.000035 seconds.
  path: Assets/ASTROFISH_GAMES/MEDIEVAL_SERIES/MEDIEVAL_WELLS_PROPS/MODELS/MVillage_BucketRope.FBX
  artifactKey: Guid(33758b992bf2f9a4c8de6332a63532e4) Importer(815301076,1909f56bfc062723c751e8b465ee728b)
Start importing Assets/ASTROFISH_GAMES/MEDIEVAL_SERIES/MEDIEVAL_WELLS_PROPS/MODELS/MVillage_BucketRope.FBX using Guid(33758b992bf2f9a4c8de6332a63532e4) Importer(815301076,1909f56bfc062723c751e8b465ee728b)  -> (artifact id: '81c3b5aee3d367072408997ca2d20c6f') in 0.067727 seconds 
========================================================================
Received Import Request.
  Time since last request: 0.000040 seconds.
  path: Assets/ASTROFISH_GAMES/MEDIEVAL_SERIES/MEDIEVAL_WELLS_PROPS/MODELS/MVillage_Well_03.FBX
  artifactKey: Guid(73c4523090f10654990f8e0c6d000623) Importer(815301076,1909f56bfc062723c751e8b465ee728b)
Start importing Assets/ASTROFISH_GAMES/MEDIEVAL_SERIES/MEDIEVAL_WELLS_PROPS/MODELS/MVillage_Well_03.FBX using Guid(73c4523090f10654990f8e0c6d000623) Importer(815301076,1909f56bfc062723c751e8b465ee728b)  -> (artifact id: '29f44ce5d0a0570cd094e0075d7fd48e') in 0.062834 seconds 
========================================================================
Received Import Request.
  Time since last request: 0.000086 seconds.
  path: Assets/ASTROFISH_GAMES/MEDIEVAL_SERIES/MEDIEVAL_WELLS_PROPS/MODELS/MVillage_Vase.FBX
  artifactKey: Guid(10f618dac962ab740b8838e96a85e81c) Importer(815301076,1909f56bfc062723c751e8b465ee728b)
Start importing Assets/ASTROFISH_GAMES/MEDIEVAL_SERIES/MEDIEVAL_WELLS_PROPS/MODELS/MVillage_Vase.FBX using Guid(10f618dac962ab740b8838e96a85e81c) Importer(815301076,1909f56bfc062723c751e8b465ee728b)  -> (artifact id: '13e2f3e9df427cdd64d63c5353cb1324') in 0.065267 seconds 
========================================================================
Received Import Request.
  Time since last request: 0.000035 seconds.
  path: Assets/ASTROFISH_GAMES/MEDIEVAL_SERIES/MEDIEVAL_WELLS_PROPS/MODELS/MVillage_Well_01.FBX
  artifactKey: Guid(51440bce8038d0b4ba75fdd0f9925f96) Importer(815301076,1909f56bfc062723c751e8b465ee728b)
Start importing Assets/ASTROFISH_GAMES/MEDIEVAL_SERIES/MEDIEVAL_WELLS_PROPS/MODELS/MVillage_Well_01.FBX using Guid(51440bce8038d0b4ba75fdd0f9925f96) Importer(815301076,1909f56bfc062723c751e8b465ee728b)  -> (artifact id: '72e08fcdab94fa512ae03f20eceef5a9') in 0.069078 seconds 
========================================================================
Received Import Request.
  Time since last request: 0.000041 seconds.
  path: Assets/ASTROFISH_GAMES/MEDIEVAL_SERIES/MEDIEVAL_WELLS_PROPS/MODELS/MVillage_PlatformStone_Part_Lrg.FBX
  artifactKey: Guid(74d265058742d3b4eabe6ffedde45b81) Importer(815301076,1909f56bfc062723c751e8b465ee728b)
Start importing Assets/ASTROFISH_GAMES/MEDIEVAL_SERIES/MEDIEVAL_WELLS_PROPS/MODELS/MVillage_PlatformStone_Part_Lrg.FBX using Guid(74d265058742d3b4eabe6ffedde45b81) Importer(815301076,1909f56bfc062723c751e8b465ee728b)  -> (artifact id: '07f33c36afa86ec90a06592ff4d35d20') in 0.073482 seconds 
========================================================================
Received Import Request.
  Time since last request: 0.000042 seconds.
  path: Assets/ASTROFISH_GAMES/MEDIEVAL_SERIES/MEDIEVAL_WELLS_PROPS/MODELS/MVillage_Rope_03.FBX
  artifactKey: Guid(4a5dcbaa5744c794e90b443d35f619d5) Importer(815301076,1909f56bfc062723c751e8b465ee728b)
Start importing Assets/ASTROFISH_GAMES/MEDIEVAL_SERIES/MEDIEVAL_WELLS_PROPS/MODELS/MVillage_Rope_03.FBX using Guid(4a5dcbaa5744c794e90b443d35f619d5) Importer(815301076,1909f56bfc062723c751e8b465ee728b)  -> (artifact id: '522da066733c37ef320b99cc02fbf4c9') in 0.061672 seconds 
========================================================================
Received Import Request.
  Time since last request: 0.000070 seconds.
  path: Assets/ASTROFISH_GAMES/MEDIEVAL_SERIES/MEDIEVAL_WELLS_PROPS/MODELS/MVillage_WellWall_02_Half_B.FBX
  artifactKey: Guid(245de85dc6f09b34ebb803adccaa6a00) Importer(815301076,1909f56bfc062723c751e8b465ee728b)
Start importing Assets/ASTROFISH_GAMES/MEDIEVAL_SERIES/MEDIEVAL_WELLS_PROPS/MODELS/MVillage_WellWall_02_Half_B.FBX using Guid(245de85dc6f09b34ebb803adccaa6a00) Importer(815301076,1909f56bfc062723c751e8b465ee728b)  -> (artifact id: '0a0f23df2081380349beee56e05d5405') in 0.077014 seconds 
========================================================================
Received Import Request.
  Time since last request: 0.000033 seconds.
  path: Assets/ASTROFISH_GAMES/MEDIEVAL_SERIES/MEDIEVAL_WELLS_PROPS/MODELS/MVillage_Bucket.FBX
  artifactKey: Guid(7b5ec8cc19b31aa42b5f7b2abffb81de) Importer(815301076,1909f56bfc062723c751e8b465ee728b)
Start importing Assets/ASTROFISH_GAMES/MEDIEVAL_SERIES/MEDIEVAL_WELLS_PROPS/MODELS/MVillage_Bucket.FBX using Guid(7b5ec8cc19b31aa42b5f7b2abffb81de) Importer(815301076,1909f56bfc062723c751e8b465ee728b)  -> (artifact id: '0a9ddf1e22bb8bf965d38ee9495acc59') in 0.067705 seconds 
========================================================================
Received Import Request.
  Time since last request: 0.000040 seconds.
  path: Assets/ASTROFISH_GAMES/MEDIEVAL_SERIES/MEDIEVAL_WELLS_PROPS/MODELS/MVillage_StoneBlock.FBX
  artifactKey: Guid(abd0ec9592638f94e9677216d7705c76) Importer(815301076,1909f56bfc062723c751e8b465ee728b)
Start importing Assets/ASTROFISH_GAMES/MEDIEVAL_SERIES/MEDIEVAL_WELLS_PROPS/MODELS/MVillage_StoneBlock.FBX using Guid(abd0ec9592638f94e9677216d7705c76) Importer(815301076,1909f56bfc062723c751e8b465ee728b)  -> (artifact id: '02efc4f9ac44dc2e91b5909e929dffa3') in 0.074667 seconds 
========================================================================
Received Import Request.
  Time since last request: 0.000054 seconds.
  path: Assets/ASTROFISH_GAMES/MEDIEVAL_SERIES/MEDIEVAL_WELLS_PROPS/MODELS/MVillage_WheelHandle.FBX
  artifactKey: Guid(b2d0a51c08e174c40ad1aaea0b43098f) Importer(815301076,1909f56bfc062723c751e8b465ee728b)
Start importing Assets/ASTROFISH_GAMES/MEDIEVAL_SERIES/MEDIEVAL_WELLS_PROPS/MODELS/MVillage_WheelHandle.FBX using Guid(b2d0a51c08e174c40ad1aaea0b43098f) Importer(815301076,1909f56bfc062723c751e8b465ee728b)  -> (artifact id: 'df6ad47e15f5b1929ff7549e9a7c49b8') in 0.078223 seconds 
========================================================================
Received Import Request.
  Time since last request: 0.000061 seconds.
  path: Assets/ASTROFISH_GAMES/MEDIEVAL_SERIES/MEDIEVAL_WELLS_PROPS/MODELS/MVillage_Jar_Lrg.FBX
  artifactKey: Guid(889b4998767517f4cab580bc7ae673a7) Importer(815301076,1909f56bfc062723c751e8b465ee728b)
Start importing Assets/ASTROFISH_GAMES/MEDIEVAL_SERIES/MEDIEVAL_WELLS_PROPS/MODELS/MVillage_Jar_Lrg.FBX using Guid(889b4998767517f4cab580bc7ae673a7) Importer(815301076,1909f56bfc062723c751e8b465ee728b)  -> (artifact id: '9c9e5d6b66b01404de0efe602d441f35') in 0.070449 seconds 
========================================================================
Received Import Request.
  Time since last request: 794.489301 seconds.
  path: Assets/Characters/Ezio/Ezio.fbx
  artifactKey: Guid(883114b50d4c7064c85ed63be90f77d7) Importer(815301076,1909f56bfc062723c751e8b465ee728b)
Start importing Assets/Characters/Ezio/Ezio.fbx using Guid(883114b50d4c7064c85ed63be90f77d7) Importer(815301076,1909f56bfc062723c751e8b465ee728b)  -> (artifact id: '55280427cae20e62a319036275e9b219') in 0.033003 seconds 
========================================================================
Received Import Request.
  Time since last request: 3071.444873 seconds.
  path: Assets/Characters/Ezio/p3dm.ru_Prince (assassins creed).obj
  artifactKey: Guid(d0fab5b013ff33a4cacc177d48679a95) Importer(815301076,1909f56bfc062723c751e8b465ee728b)
Start importing Assets/Characters/Ezio/p3dm.ru_Prince (assassins creed).obj using Guid(d0fab5b013ff33a4cacc177d48679a95) Importer(815301076,1909f56bfc062723c751e8b465ee728b)  -> (artifact id: 'b956dcf0306fe69b19a1745837f83c64') in 0.371251 seconds 
========================================================================
Received Import Request.
  Time since last request: 11.876259 seconds.
  path: Assets/Characters/Ezio/p3dm.ru_0001_1.dds
  artifactKey: Guid(b4cafe2a4eaf1d5419e850791c0d1f9b) Importer(815301076,1909f56bfc062723c751e8b465ee728b)
Start importing Assets/Characters/Ezio/p3dm.ru_0001_1.dds using Guid(b4cafe2a4eaf1d5419e850791c0d1f9b) Importer(815301076,1909f56bfc062723c751e8b465ee728b)  -> (artifact id: '98598a148e5bf87deb34a7cff203c1c8') in 0.039521 seconds 
========================================================================
Received Import Request.
  Time since last request: 5.119945 seconds.
  path: Assets/Characters/Ezio/p3dm.ru_0002_2.dds
  artifactKey: Guid(2f2013c0744e20647a9091f5d95c00be) Importer(815301076,1909f56bfc062723c751e8b465ee728b)
Start importing Assets/Characters/Ezio/p3dm.ru_0002_2.dds using Guid(2f2013c0744e20647a9091f5d95c00be) Importer(815301076,1909f56bfc062723c751e8b465ee728b)  -> (artifact id: 'd4cad1d0d08b35c6497a6b0d3c8dee14') in 0.037100 seconds 
========================================================================
Received Import Request.
  Time since last request: 20.498896 seconds.
  path: Assets/Characters/Ezio/Materials/p3dm.ru_0001_1.mat
  artifactKey: Guid(9ef98c1a94cd7bd468d71a03c486eecc) Importer(815301076,1909f56bfc062723c751e8b465ee728b)
Start importing Assets/Characters/Ezio/Materials/p3dm.ru_0001_1.mat using Guid(9ef98c1a94cd7bd468d71a03c486eecc) Importer(815301076,1909f56bfc062723c751e8b465ee728b)  -> (artifact id: 'efbdb7fb77ea91fa710f68b383ac992f') in 0.061444 seconds 
========================================================================
Received Import Request.
  Time since last request: 38.158957 seconds.
  path: Assets/Characters/Prince/p3dm.ru_0001_1.dds
  artifactKey: Guid(95e9df781ff28294284c19ec140ce39b) Importer(815301076,1909f56bfc062723c751e8b465ee728b)
Start importing Assets/Characters/Prince/p3dm.ru_0001_1.dds using Guid(95e9df781ff28294284c19ec140ce39b) Importer(815301076,1909f56bfc062723c751e8b465ee728b)  -> (artifact id: '314f74a8d80523ec9c0b405ebf56afdb') in 0.045347 seconds 
========================================================================
Received Import Request.
  Time since last request: 0.000040 seconds.
  path: Assets/Characters/Prince/p3dm.ru_0006_6.dds
  artifactKey: Guid(ced137959a9173147987508f6da1106a) Importer(815301076,1909f56bfc062723c751e8b465ee728b)
Start importing Assets/Characters/Prince/p3dm.ru_0006_6.dds using Guid(ced137959a9173147987508f6da1106a) Importer(815301076,1909f56bfc062723c751e8b465ee728b)  -> (artifact id: '653d27ef18410f1f95f3c681125492aa') in 0.035069 seconds 
========================================================================
Received Import Request.
  Time since last request: 0.000045 seconds.
  path: Assets/Characters/Prince/p3dm.ru_0013_13.dds
  artifactKey: Guid(bbff387636332714a8b889c4e0bfbc7a) Importer(815301076,1909f56bfc062723c751e8b465ee728b)
Start importing Assets/Characters/Prince/p3dm.ru_0013_13.dds using Guid(bbff387636332714a8b889c4e0bfbc7a) Importer(815301076,1909f56bfc062723c751e8b465ee728b)  -> (artifact id: 'b1eaeb36d53ba122e3701e9ecd7eae18') in 0.045877 seconds 
========================================================================
Received Import Request.
  Time since last request: 0.000036 seconds.
  path: Assets/Characters/Prince/p3dm.ru_0019_19.dds
  artifactKey: Guid(7b56b53ffdceed346b1de66350afec1d) Importer(815301076,1909f56bfc062723c751e8b465ee728b)
Start importing Assets/Characters/Prince/p3dm.ru_0019_19.dds using Guid(7b56b53ffdceed346b1de66350afec1d) Importer(815301076,1909f56bfc062723c751e8b465ee728b)  -> (artifact id: '577d5b067f32417f1362e6c794372ab8') in 0.038072 seconds 
========================================================================
Received Import Request.
  Time since last request: 0.000048 seconds.
  path: Assets/Characters/Prince/p3dm.ru_0032_32.dds
  artifactKey: Guid(68ed9a5dee2842448be8d6548e18d711) Importer(815301076,1909f56bfc062723c751e8b465ee728b)
Start importing Assets/Characters/Prince/p3dm.ru_0032_32.dds using Guid(68ed9a5dee2842448be8d6548e18d711) Importer(815301076,1909f56bfc062723c751e8b465ee728b)  -> (artifact id: '4c8432d1d3ad06ea6f2c02f175a99ceb') in 0.048718 seconds 
========================================================================
Received Import Request.
  Time since last request: 0.000057 seconds.
  path: Assets/Characters/Prince/p3dm.ru_0004_4.dds
  artifactKey: Guid(258f82255fe30af48b8c3f40e50b5221) Importer(815301076,1909f56bfc062723c751e8b465ee728b)
Start importing Assets/Characters/Prince/p3dm.ru_0004_4.dds using Guid(258f82255fe30af48b8c3f40e50b5221) Importer(815301076,1909f56bfc062723c751e8b465ee728b)  -> (artifact id: '5e5fd1f7c0007a9396d6876bc94cd978') in 0.039398 seconds 
========================================================================
Received Import Request.
  Time since last request: 0.000043 seconds.
  path: Assets/Characters/Prince/p3dm.ru_0008_8.dds
  artifactKey: Guid(23d77cc033329754f8de11fb60dbcd02) Importer(815301076,1909f56bfc062723c751e8b465ee728b)
Start importing Assets/Characters/Prince/p3dm.ru_0008_8.dds using Guid(23d77cc033329754f8de11fb60dbcd02) Importer(815301076,1909f56bfc062723c751e8b465ee728b)  -> (artifact id: 'bcd138a61a11272f68f3a48b367b9ee5') in 0.033811 seconds 
========================================================================
Received Import Request.
  Time since last request: 0.000034 seconds.
  path: Assets/Characters/Prince/p3dm.ru_0016_16.dds
  artifactKey: Guid(b51b89cc9d027e8479a687782cd20aad) Importer(815301076,1909f56bfc062723c751e8b465ee728b)
Start importing Assets/Characters/Prince/p3dm.ru_0016_16.dds using Guid(b51b89cc9d027e8479a687782cd20aad) Importer(815301076,1909f56bfc062723c751e8b465ee728b)  -> (artifact id: '618f6076724c2e63c49060014a1acba6') in 0.026119 seconds 
========================================================================
Received Import Request.
  Time since last request: 0.000037 seconds.
  path: Assets/Characters/Prince/p3dm.ru_0012_12.dds
  artifactKey: Guid(d267d0dd660f60141b4ddb9f80e9673d) Importer(815301076,1909f56bfc062723c751e8b465ee728b)
Start importing Assets/Characters/Prince/p3dm.ru_0012_12.dds using Guid(d267d0dd660f60141b4ddb9f80e9673d) Importer(815301076,1909f56bfc062723c751e8b465ee728b)  -> (artifact id: '838e0031a49ddbb7c35166f8004d1885') in 0.027491 seconds 
========================================================================
Received Import Request.
  Time since last request: 0.000044 seconds.
  path: Assets/Characters/Prince/p3dm.ru_0007_7.dds
  artifactKey: Guid(86579fa146e0b8a4bae5e416332e7055) Importer(815301076,1909f56bfc062723c751e8b465ee728b)
Start importing Assets/Characters/Prince/p3dm.ru_0007_7.dds using Guid(86579fa146e0b8a4bae5e416332e7055) Importer(815301076,1909f56bfc062723c751e8b465ee728b)  -> (artifact id: 'fa97bed9d30b8abfb1f8399f834ace93') in 0.029281 seconds 
========================================================================
Received Import Request.
  Time since last request: 0.000043 seconds.
  path: Assets/Characters/Prince/p3dm.ru_0024_24.dds
  artifactKey: Guid(3709f6a3b10c0bb4ba7856e588c455e3) Importer(815301076,1909f56bfc062723c751e8b465ee728b)
Start importing Assets/Characters/Prince/p3dm.ru_0024_24.dds using Guid(3709f6a3b10c0bb4ba7856e588c455e3) Importer(815301076,1909f56bfc062723c751e8b465ee728b)  -> (artifact id: 'ae3d428a6161e12d09cfba6db9b8c9d9') in 0.024922 seconds 
========================================================================
Received Import Request.
  Time since last request: 0.000073 seconds.
  path: Assets/Characters/Prince/p3dm.ru_0021_21.dds
  artifactKey: Guid(8394e6c7946e87e439cf029d9094e6af) Importer(815301076,1909f56bfc062723c751e8b465ee728b)
Start importing Assets/Characters/Prince/p3dm.ru_0021_21.dds using Guid(8394e6c7946e87e439cf029d9094e6af) Importer(815301076,1909f56bfc062723c751e8b465ee728b)  -> (artifact id: 'f4e543149551e55eccd839d1f2c2279f') in 0.029412 seconds 
========================================================================
Received Import Request.
  Time since last request: 0.000046 seconds.
  path: Assets/Characters/Prince/p3dm.ru_0011_11.dds
  artifactKey: Guid(a1d54e56d26082c4fa3698aa398b1e16) Importer(815301076,1909f56bfc062723c751e8b465ee728b)
Start importing Assets/Characters/Prince/p3dm.ru_0011_11.dds using Guid(a1d54e56d26082c4fa3698aa398b1e16) Importer(815301076,1909f56bfc062723c751e8b465ee728b)  -> (artifact id: '5fa7e033ece0c60ac3767340cb9dbe89') in 0.032913 seconds 
========================================================================
Received Import Request.
  Time since last request: 0.000033 seconds.
  path: Assets/Characters/Prince/p3dm.ru_0026_26.dds
  artifactKey: Guid(8ee63818dd453a74b94f9d1b47bc2983) Importer(815301076,1909f56bfc062723c751e8b465ee728b)
Start importing Assets/Characters/Prince/p3dm.ru_0026_26.dds using Guid(8ee63818dd453a74b94f9d1b47bc2983) Importer(815301076,1909f56bfc062723c751e8b465ee728b)  -> (artifact id: '280957deaeda9cb1ff4733ae3049be82') in 0.025393 seconds 
========================================================================
Received Import Request.
  Time since last request: 0.000042 seconds.
  path: Assets/Characters/Prince/p3dm.ru_0022_22.dds
  artifactKey: Guid(1e0c7c24dcb65524e9cb86be9ec13b02) Importer(815301076,1909f56bfc062723c751e8b465ee728b)
Start importing Assets/Characters/Prince/p3dm.ru_0022_22.dds using Guid(1e0c7c24dcb65524e9cb86be9ec13b02) Importer(815301076,1909f56bfc062723c751e8b465ee728b)  -> (artifact id: '3125af021e06117ec8bd522a7823fad5') in 0.025635 seconds 
========================================================================
Received Import Request.
  Time since last request: 0.000034 seconds.
  path: Assets/Characters/Prince/p3dm.ru_0018_18.dds
  artifactKey: Guid(3a784c90ad716f54dbd59f0c667861c5) Importer(815301076,1909f56bfc062723c751e8b465ee728b)
Start importing Assets/Characters/Prince/p3dm.ru_0018_18.dds using Guid(3a784c90ad716f54dbd59f0c667861c5) Importer(815301076,1909f56bfc062723c751e8b465ee728b)  -> (artifact id: '3a3928930e95b06844f07a0dbd30436d') in 0.027384 seconds 
========================================================================
Received Import Request.
  Time since last request: 0.000033 seconds.
  path: Assets/Characters/Prince/p3dm.ru_0023_23.dds
  artifactKey: Guid(f567f2025146a1842b343761d3202597) Importer(815301076,1909f56bfc062723c751e8b465ee728b)
Start importing Assets/Characters/Prince/p3dm.ru_0023_23.dds using Guid(f567f2025146a1842b343761d3202597) Importer(815301076,1909f56bfc062723c751e8b465ee728b)  -> (artifact id: '0bc14b93bbe3ac71be0855a52272d0b8') in 0.033161 seconds 
========================================================================
Received Import Request.
  Time since last request: 0.000040 seconds.
  path: Assets/Characters/Prince/p3dm.ru_0028_28.dds
  artifactKey: Guid(5d291948351850d43b03c5ccd23b0dc4) Importer(815301076,1909f56bfc062723c751e8b465ee728b)
Start importing Assets/Characters/Prince/p3dm.ru_0028_28.dds using Guid(5d291948351850d43b03c5ccd23b0dc4) Importer(815301076,1909f56bfc062723c751e8b465ee728b)  -> (artifact id: '3575e30697088454b1b1332e382ac59c') in 0.028716 seconds 
========================================================================
Received Import Request.
  Time since last request: 0.000067 seconds.
  path: Assets/Characters/Prince/p3dm.ru_0015_15.dds
  artifactKey: Guid(b108822789b2d5e46bef990d4677d5fd) Importer(815301076,1909f56bfc062723c751e8b465ee728b)
Start importing Assets/Characters/Prince/p3dm.ru_0015_15.dds using Guid(b108822789b2d5e46bef990d4677d5fd) Importer(815301076,1909f56bfc062723c751e8b465ee728b)  -> (artifact id: '02f05016e4726ca9a12999f2dca18909') in 0.033515 seconds 
========================================================================
Received Import Request.
  Time since last request: 0.000045 seconds.
  path: Assets/Characters/Prince/p3dm.ru_0017_17.dds
  artifactKey: Guid(2ae9b3672b905ec459726c50745311c4) Importer(815301076,1909f56bfc062723c751e8b465ee728b)
Start importing Assets/Characters/Prince/p3dm.ru_0017_17.dds using Guid(2ae9b3672b905ec459726c50745311c4) Importer(815301076,1909f56bfc062723c751e8b465ee728b)  -> (artifact id: '89e1711aa55077d23cbb902569cf3cc0') in 0.025795 seconds 
========================================================================
Received Import Request.
  Time since last request: 0.000034 seconds.
  path: Assets/Characters/Prince/p3dm.ru_0005_5.dds
  artifactKey: Guid(2427d6fae2adc854f8000f6aeb3c64df) Importer(815301076,1909f56bfc062723c751e8b465ee728b)
Start importing Assets/Characters/Prince/p3dm.ru_0005_5.dds using Guid(2427d6fae2adc854f8000f6aeb3c64df) Importer(815301076,1909f56bfc062723c751e8b465ee728b)  -> (artifact id: 'f4aa278f81c58ae09c046ff002719146') in 0.033906 seconds 
========================================================================
Received Import Request.
  Time since last request: 0.000045 seconds.
  path: Assets/Characters/Prince/p3dm.ru_0009_9.dds
  artifactKey: Guid(96f20e29a29c23341aff03621c553ad2) Importer(815301076,1909f56bfc062723c751e8b465ee728b)
Start importing Assets/Characters/Prince/p3dm.ru_0009_9.dds using Guid(96f20e29a29c23341aff03621c553ad2) Importer(815301076,1909f56bfc062723c751e8b465ee728b)  -> (artifact id: '6a5f8d14facffb56413d960f5b8ed280') in 0.024725 seconds 
========================================================================
Received Import Request.
  Time since last request: 0.000035 seconds.
  path: Assets/Characters/Prince/p3dm.ru_0029_29.dds
  artifactKey: Guid(6b94b042c258f764f8dda57009ca69e7) Importer(815301076,1909f56bfc062723c751e8b465ee728b)
Start importing Assets/Characters/Prince/p3dm.ru_0029_29.dds using Guid(6b94b042c258f764f8dda57009ca69e7) Importer(815301076,1909f56bfc062723c751e8b465ee728b)  -> (artifact id: '8e9eabb255606d7121534a19331a5be0') in 0.034820 seconds 
========================================================================
Received Import Request.
  Time since last request: 0.000045 seconds.
  path: Assets/Characters/Prince/p3dm.ru_0014_14.dds
  artifactKey: Guid(563278a30a0650545b15a317a0d59f78) Importer(815301076,1909f56bfc062723c751e8b465ee728b)
Start importing Assets/Characters/Prince/p3dm.ru_0014_14.dds using Guid(563278a30a0650545b15a317a0d59f78) Importer(815301076,1909f56bfc062723c751e8b465ee728b)  -> (artifact id: '349221381e9022188ab9fe1956a954e8') in 0.025651 seconds 
Editor requested this worker to shutdown with reason: Scaling down because of idle timeout
AssetImportWorker is now disconnected from the server
Process exiting
Exiting without the bug reporter. Application will terminate with return code 0